
> oshikoyo@1.0.0 serve
> npx serve . -p 8081

 INFO  Accepting connections at http://localhost:8081
 HTTP  3/8/2026 6:33:08 PM ::1 HEAD /
 HTTP  3/8/2026 6:33:08 PM ::1 Returned 200 in 252 ms
 HTTP  3/8/2026 6:34:17 PM ::1 GET /
 HTTP  3/8/2026 6:34:17 PM ::1 Returned 200 in 2 ms
 HTTP  3/8/2026 6:34:17 PM ::1 GET /
 HTTP  3/8/2026 6:34:17 PM ::1 Returned 200 in 1 ms
 HTTP  3/8/2026 6:34:24 PM ::1 GET /index.html
 HTTP  3/8/2026 6:34:24 PM ::1 Returned 301 in 1 ms
 HTTP  3/8/2026 6:34:24 PM ::1 GET /index
 HTTP  3/8/2026 6:34:24 PM ::1 Returned 301 in 1 ms
 HTTP  3/8/2026 6:34:24 PM ::1 GET /
 HTTP  3/8/2026 6:34:24 PM ::1 Returned 200 in 15 ms
 HTTP  3/8/2026 6:34:24 PM ::1 GET /index.html
 HTTP  3/8/2026 6:34:24 PM ::1 Returned 301 in 0 ms
 HTTP  3/8/2026 6:34:24 PM ::1 GET /index
 HTTP  3/8/2026 6:34:24 PM ::1 Returned 301 in 1 ms
 HTTP  3/8/2026 6:34:24 PM ::1 GET /
 HTTP  3/8/2026 6:34:24 PM ::1 Returned 200 in 2 ms
 HTTP  3/8/2026 6:34:24 PM ::1 GET /src/style.css
 HTTP  3/8/2026 6:34:24 PM ::1 GET /src/script.js
 HTTP  3/8/2026 6:34:24 PM ::1 GET /src/style.css
 HTTP  3/8/2026 6:34:24 PM ::1 GET /src/script.js
 HTTP  3/8/2026 6:34:24 PM ::1 Returned 200 in 12 ms
 HTTP  3/8/2026 6:34:24 PM ::1 Returned 200 in 13 ms
 HTTP  3/8/2026 6:34:24 PM ::1 Returned 200 in 21 ms
 HTTP  3/8/2026 6:34:24 PM ::1 Returned 200 in 30 ms
 HTTP  3/8/2026 6:34:24 PM ::1 GET /src/assets/default_image.png
 HTTP  3/8/2026 6:34:24 PM ::1 GET /sw.js
 HTTP  3/8/2026 6:34:24 PM ::1 Returned 200 in 4 ms
 HTTP  3/8/2026 6:34:24 PM ::1 Returned 200 in 28 ms
 HTTP  3/8/2026 6:34:25 PM ::1 GET /src/assets/default_image.png
 HTTP  3/8/2026 6:34:25 PM ::1 Returned 200 in 6 ms
 HTTP  3/8/2026 6:34:25 PM ::1 GET /
 HTTP  3/8/2026 6:34:25 PM ::1 GET /src/style.css
 HTTP  3/8/2026 6:34:25 PM ::1 Returned 304 in 11 ms
 HTTP  3/8/2026 6:34:25 PM ::1 Returned 304 in 8 ms
 HTTP  3/8/2026 6:34:25 PM ::1 GET /sw.js
 HTTP  3/8/2026 6:34:25 PM ::1 Returned 200 in 2 ms
 HTTP  3/8/2026 6:34:25 PM ::1 GET /manifest.json
 HTTP  3/8/2026 6:34:25 PM ::1 GET /src/script.js
 HTTP  3/8/2026 6:34:25 PM ::1 Returned 304 in 1 ms
 HTTP  3/8/2026 6:34:25 PM ::1 GET /
 HTTP  3/8/2026 6:34:25 PM ::1 Returned 304 in 5 ms
 HTTP  3/8/2026 6:34:25 PM ::1 Returned 200 in 18 ms
 HTTP  3/8/2026 6:34:25 PM ::1 GET /
 HTTP  3/8/2026 6:34:25 PM ::1 GET /src/style.css
 HTTP  3/8/2026 6:34:25 PM ::1 Returned 304 in 6 ms
 HTTP  3/8/2026 6:34:25 PM ::1 Returned 304 in 7 ms
 HTTP  3/8/2026 6:34:25 PM ::1 GET /src/assets/icon-192.png
 HTTP  3/8/2026 6:34:25 PM ::1 GET /src/assets/default_image.png
 HTTP  3/8/2026 6:34:25 PM ::1 GET /src/assets/icon-512.png
 HTTP  3/8/2026 6:34:25 PM ::1 GET /manifest.json
 HTTP  3/8/2026 6:34:25 PM ::1 GET /src/script.js
 HTTP  3/8/2026 6:34:25 PM ::1 Returned 304 in 4 ms
 HTTP  3/8/2026 6:34:25 PM ::1 Returned 200 in 5 ms
 HTTP  3/8/2026 6:34:25 PM ::1 Returned 304 in 12 ms
 HTTP  3/8/2026 6:34:25 PM ::1 GET /
 HTTP  3/8/2026 6:34:25 PM ::1 Returned 200 in 21 ms
 HTTP  3/8/2026 6:34:25 PM ::1 Returned 200 in 20 ms
 HTTP  3/8/2026 6:34:25 PM ::1 Returned 304 in 7 ms
 HTTP  3/8/2026 6:34:25 PM ::1 GET /src/assets/icon-192.png
 HTTP  3/8/2026 6:34:25 PM ::1 GET /src/assets/default_image.png
 HTTP  3/8/2026 6:34:25 PM ::1 GET /src/assets/icon-512.png
 HTTP  3/8/2026 6:34:25 PM ::1 Returned 200 in 1 ms
 HTTP  3/8/2026 6:34:25 PM ::1 Returned 304 in 0 ms
 HTTP  3/8/2026 6:34:25 PM ::1 Returned 200 in 2 ms
 HTTP  3/8/2026 6:34:27 PM ::1 GET /index.html
 HTTP  3/8/2026 6:34:27 PM ::1 Returned 301 in 1 ms
 HTTP  3/8/2026 6:34:27 PM ::1 GET /index
 HTTP  3/8/2026 6:34:27 PM ::1 Returned 301 in 0 ms
 HTTP  3/8/2026 6:34:27 PM ::1 GET /
 HTTP  3/8/2026 6:34:27 PM ::1 Returned 200 in 1 ms
 HTTP  3/8/2026 6:34:27 PM ::1 GET /src/style.css
 HTTP  3/8/2026 6:34:27 PM ::1 Returned 200 in 1 ms
 HTTP  3/8/2026 6:34:27 PM ::1 GET /src/script.js
 HTTP  3/8/2026 6:34:27 PM ::1 Returned 200 in 1 ms
 HTTP  3/8/2026 6:34:28 PM ::1 GET /index.html
 HTTP  3/8/2026 6:34:28 PM ::1 Returned 301 in 1 ms
 HTTP  3/8/2026 6:34:28 PM ::1 GET /index
 HTTP  3/8/2026 6:34:28 PM ::1 Returned 301 in 0 ms
 HTTP  3/8/2026 6:34:28 PM ::1 GET /
 HTTP  3/8/2026 6:34:28 PM ::1 Returned 200 in 1 ms
 HTTP  3/8/2026 6:34:28 PM ::1 GET /src/style.css
 HTTP  3/8/2026 6:34:28 PM ::1 GET /src/script.js
 HTTP  3/8/2026 6:34:28 PM ::1 Returned 200 in 1 ms
 HTTP  3/8/2026 6:34:28 PM ::1 Returned 200 in 1 ms
 HTTP  3/8/2026 6:34:28 PM ::1 GET /src/assets/default_image.png
 HTTP  3/8/2026 6:34:28 PM ::1 Returned 200 in 1 ms
 HTTP  3/8/2026 6:34:28 PM ::1 GET /sw.js
 HTTP  3/8/2026 6:34:28 PM ::1 Returned 200 in 0 ms
 HTTP  3/8/2026 6:34:28 PM ::1 GET /
 HTTP  3/8/2026 6:34:28 PM ::1 Returned 304 in 1 ms
 HTTP  3/8/2026 6:34:28 PM ::1 GET /src/style.css
 HTTP  3/8/2026 6:34:28 PM ::1 GET /src/script.js
 HTTP  3/8/2026 6:34:28 PM ::1 Returned 304 in 2 ms
 HTTP  3/8/2026 6:34:28 PM ::1 Returned 304 in 4 ms
 HTTP  3/8/2026 6:34:28 PM ::1 GET /
 HTTP  3/8/2026 6:34:28 PM ::1 GET /manifest.json
 HTTP  3/8/2026 6:34:28 PM ::1 Returned 304 in 1 ms
 HTTP  3/8/2026 6:34:28 PM ::1 Returned 200 in 0 ms
 HTTP  3/8/2026 6:34:28 PM ::1 GET /src/assets/icon-192.png
 HTTP  3/8/2026 6:34:28 PM ::1 GET /src/assets/icon-512.png
 HTTP  3/8/2026 6:34:28 PM ::1 GET /src/assets/default_image.png
 HTTP  3/8/2026 6:34:28 PM ::1 Returned 200 in 2 ms
 HTTP  3/8/2026 6:34:28 PM ::1 Returned 200 in 1 ms
 HTTP  3/8/2026 6:34:28 PM ::1 Returned 304 in 6 ms
 HTTP  3/8/2026 6:34:28 PM ::1 GET /sw.js
 HTTP  3/8/2026 6:34:28 PM ::1 Returned 200 in 1 ms
 HTTP  3/8/2026 6:34:28 PM ::1 GET /src/assets/default_image.png
 HTTP  3/8/2026 6:34:28 PM ::1 Returned 200 in 1 ms
 HTTP  3/8/2026 6:34:28 PM ::1 GET /
 HTTP  3/8/2026 6:34:28 PM ::1 GET /src/style.css
 HTTP  3/8/2026 6:34:28 PM ::1 Returned 304 in 1 ms
 HTTP  3/8/2026 6:34:28 PM ::1 Returned 304 in 2 ms
 HTTP  3/8/2026 6:34:28 PM ::1 GET /
 HTTP  3/8/2026 6:34:28 PM ::1 GET /manifest.json
 HTTP  3/8/2026 6:34:28 PM ::1 GET /src/script.js
 HTTP  3/8/2026 6:34:28 PM ::1 Returned 304 in 1 ms
 HTTP  3/8/2026 6:34:28 PM ::1 Returned 200 in 1 ms
 HTTP  3/8/2026 6:34:28 PM ::1 Returned 304 in 5 ms
 HTTP  3/8/2026 6:34:28 PM ::1 GET /src/assets/default_image.png
 HTTP  3/8/2026 6:34:28 PM ::1 Returned 304 in 1 ms
 HTTP  3/8/2026 6:34:28 PM ::1 GET /src/assets/icon-192.png
 HTTP  3/8/2026 6:34:28 PM ::1 Returned 200 in 1 ms
 HTTP  3/8/2026 6:34:28 PM ::1 GET /src/assets/icon-512.png
 HTTP  3/8/2026 6:34:28 PM ::1 Returned 200 in 1 ms
 HTTP  3/8/2026 6:34:31 PM ::1 GET /index.html
 HTTP  3/8/2026 6:34:31 PM ::1 Returned 301 in 0 ms
 HTTP  3/8/2026 6:34:31 PM ::1 GET /index
 HTTP  3/8/2026 6:34:31 PM ::1 Returned 301 in 1 ms
 HTTP  3/8/2026 6:34:31 PM ::1 GET /
 HTTP  3/8/2026 6:34:31 PM ::1 Returned 200 in 0 ms
 HTTP  3/8/2026 6:34:31 PM ::1 GET /src/style.css
 HTTP  3/8/2026 6:34:31 PM ::1 Returned 200 in 1 ms
 HTTP  3/8/2026 6:34:31 PM ::1 GET /src/script.js
 HTTP  3/8/2026 6:34:31 PM ::1 Returned 200 in 1 ms
 HTTP  3/8/2026 6:34:32 PM ::1 GET /sw.js
 HTTP  3/8/2026 6:34:32 PM ::1 Returned 200 in 0 ms
 HTTP  3/8/2026 6:34:32 PM ::1 GET /src/assets/default_image.png
 HTTP  3/8/2026 6:34:32 PM ::1 Returned 200 in 5 ms
 HTTP  3/8/2026 6:34:32 PM ::1 GET /
 HTTP  3/8/2026 6:34:32 PM ::1 Returned 304 in 1 ms
 HTTP  3/8/2026 6:34:32 PM ::1 GET /src/style.css
 HTTP  3/8/2026 6:34:32 PM ::1 Returned 304 in 2 ms
 HTTP  3/8/2026 6:34:32 PM ::1 GET /src/script.js
 HTTP  3/8/2026 6:34:32 PM ::1 GET /
 HTTP  3/8/2026 6:34:32 PM ::1 Returned 304 in 4 ms
 HTTP  3/8/2026 6:34:32 PM ::1 Returned 304 in 4 ms
 HTTP  3/8/2026 6:34:32 PM ::1 GET /manifest.json
 HTTP  3/8/2026 6:34:32 PM ::1 Returned 200 in 2 ms
 HTTP  3/8/2026 6:34:32 PM ::1 GET /src/assets/default_image.png
 HTTP  3/8/2026 6:34:32 PM ::1 Returned 304 in 3 ms
 HTTP  3/8/2026 6:34:32 PM ::1 GET /src/assets/icon-192.png
 HTTP  3/8/2026 6:34:32 PM ::1 Returned 200 in 1 ms
 HTTP  3/8/2026 6:34:32 PM ::1 GET /src/assets/icon-512.png
 HTTP  3/8/2026 6:34:32 PM ::1 Returned 200 in 0 ms
 HTTP  3/8/2026 6:34:32 PM ::1 GET /index.html
 HTTP  3/8/2026 6:34:32 PM ::1 Returned 301 in 0 ms
 HTTP  3/8/2026 6:34:32 PM ::1 GET /index
 HTTP  3/8/2026 6:34:32 PM ::1 Returned 301 in 0 ms
 HTTP  3/8/2026 6:34:32 PM ::1 GET /
 HTTP  3/8/2026 6:34:32 PM ::1 Returned 200 in 1 ms
 HTTP  3/8/2026 6:34:32 PM ::1 GET /src/style.css
 HTTP  3/8/2026 6:34:32 PM ::1 GET /src/script.js
 HTTP  3/8/2026 6:34:32 PM ::1 Returned 200 in 3 ms
 HTTP  3/8/2026 6:34:32 PM ::1 Returned 200 in 1 ms
 HTTP  3/8/2026 6:34:32 PM ::1 GET /sw.js
 HTTP  3/8/2026 6:34:32 PM ::1 Returned 200 in 2 ms
 HTTP  3/8/2026 6:34:32 PM ::1 GET /src/assets/default_image.png
 HTTP  3/8/2026 6:34:32 PM ::1 Returned 200 in 1 ms
 HTTP  3/8/2026 6:34:32 PM ::1 GET /
 HTTP  3/8/2026 6:34:32 PM ::1 Returned 304 in 1 ms
 HTTP  3/8/2026 6:34:32 PM ::1 GET /src/style.css
 HTTP  3/8/2026 6:34:32 PM ::1 Returned 304 in 2 ms
 HTTP  3/8/2026 6:34:32 PM ::1 GET /src/script.js
 HTTP  3/8/2026 6:34:32 PM ::1 Returned 304 in 2 ms
 HTTP  3/8/2026 6:34:32 PM ::1 GET /
 HTTP  3/8/2026 6:34:32 PM ::1 GET /manifest.json
 HTTP  3/8/2026 6:34:32 PM ::1 Returned 304 in 2 ms
 HTTP  3/8/2026 6:34:32 PM ::1 Returned 200 in 2 ms
 HTTP  3/8/2026 6:34:32 PM ::1 GET /src/assets/default_image.png
 HTTP  3/8/2026 6:34:32 PM ::1 Returned 304 in 1 ms
 HTTP  3/8/2026 6:34:32 PM ::1 GET /src/assets/icon-192.png
 HTTP  3/8/2026 6:34:32 PM ::1 Returned 200 in 1 ms
 HTTP  3/8/2026 6:34:32 PM ::1 GET /src/assets/icon-512.png
 HTTP  3/8/2026 6:34:32 PM ::1 Returned 200 in 0 ms
 HTTP  3/8/2026 6:34:35 PM ::1 GET /index.html
 HTTP  3/8/2026 6:34:35 PM ::1 Returned 301 in 1 ms
 HTTP  3/8/2026 6:34:35 PM ::1 GET /index
 HTTP  3/8/2026 6:34:35 PM ::1 Returned 301 in 1 ms
 HTTP  3/8/2026 6:34:35 PM ::1 GET /
 HTTP  3/8/2026 6:34:35 PM ::1 Returned 200 in 1 ms
 HTTP  3/8/2026 6:34:35 PM ::1 GET /src/style.css
 HTTP  3/8/2026 6:34:35 PM ::1 GET /src/script.js
 HTTP  3/8/2026 6:34:35 PM ::1 Returned 200 in 2 ms
 HTTP  3/8/2026 6:34:35 PM ::1 Returned 200 in 1 ms
 HTTP  3/8/2026 6:34:36 PM ::1 GET /sw.js
 HTTP  3/8/2026 6:34:36 PM ::1 Returned 200 in 1 ms
 HTTP  3/8/2026 6:34:36 PM ::1 GET /src/assets/default_image.png
 HTTP  3/8/2026 6:34:36 PM ::1 Returned 200 in 1 ms
 HTTP  3/8/2026 6:34:36 PM ::1 GET /
 HTTP  3/8/2026 6:34:36 PM ::1 GET /src/style.css
 HTTP  3/8/2026 6:34:36 PM ::1 Returned 304 in 1 ms
 HTTP  3/8/2026 6:34:36 PM ::1 Returned 304 in 1 ms
 HTTP  3/8/2026 6:34:36 PM ::1 GET /manifest.json
 HTTP  3/8/2026 6:34:36 PM ::1 GET /src/script.js
 HTTP  3/8/2026 6:34:36 PM ::1 Returned 200 in 1 ms
 HTTP  3/8/2026 6:34:36 PM ::1 GET /
 HTTP  3/8/2026 6:34:36 PM ::1 Returned 304 in 1 ms
 HTTP  3/8/2026 6:34:36 PM ::1 Returned 304 in 1 ms
 HTTP  3/8/2026 6:34:36 PM ::1 GET /src/assets/icon-192.png
 HTTP  3/8/2026 6:34:36 PM ::1 GET /src/assets/icon-512.png
 HTTP  3/8/2026 6:34:36 PM ::1 GET /src/assets/default_image.png
 HTTP  3/8/2026 6:34:36 PM ::1 Returned 200 in 1 ms
 HTTP  3/8/2026 6:34:36 PM ::1 Returned 200 in 0 ms
 HTTP  3/8/2026 6:34:36 PM ::1 Returned 304 in 1 ms
 HTTP  3/8/2026 6:34:37 PM ::1 GET /index.html
 HTTP  3/8/2026 6:34:37 PM ::1 Returned 301 in 0 ms
 HTTP  3/8/2026 6:34:37 PM ::1 GET /index
 HTTP  3/8/2026 6:34:37 PM ::1 Returned 301 in 1 ms
 HTTP  3/8/2026 6:34:37 PM ::1 GET /
 HTTP  3/8/2026 6:34:37 PM ::1 Returned 200 in 0 ms
 HTTP  3/8/2026 6:34:37 PM ::1 GET /src/style.css
 HTTP  3/8/2026 6:34:37 PM ::1 GET /src/script.js
 HTTP  3/8/2026 6:34:37 PM ::1 Returned 200 in 1 ms
 HTTP  3/8/2026 6:34:37 PM ::1 Returned 200 in 1 ms
 HTTP  3/8/2026 6:34:38 PM ::1 GET /sw.js
 HTTP  3/8/2026 6:34:38 PM ::1 Returned 200 in 1 ms
 HTTP  3/8/2026 6:34:38 PM ::1 GET /
 HTTP  3/8/2026 6:34:38 PM ::1 GET /src/style.css
 HTTP  3/8/2026 6:34:38 PM ::1 Returned 304 in 1 ms
 HTTP  3/8/2026 6:34:38 PM ::1 Returned 304 in 1 ms
 HTTP  3/8/2026 6:34:38 PM ::1 GET /src/assets/default_image.png
 HTTP  3/8/2026 6:34:38 PM ::1 Returned 200 in 2 ms
 HTTP  3/8/2026 6:34:38 PM ::1 GET /manifest.json
 HTTP  3/8/2026 6:34:38 PM ::1 Returned 200 in 1 ms
 HTTP  3/8/2026 6:34:38 PM ::1 GET /src/script.js
 HTTP  3/8/2026 6:34:38 PM ::1 GET /
 HTTP  3/8/2026 6:34:38 PM ::1 Returned 304 in 1 ms
 HTTP  3/8/2026 6:34:38 PM ::1 Returned 304 in 3 ms
 HTTP  3/8/2026 6:34:38 PM ::1 GET /src/assets/default_image.png
 HTTP  3/8/2026 6:34:38 PM ::1 Returned 304 in 1 ms
 HTTP  3/8/2026 6:34:38 PM ::1 GET /src/assets/icon-192.png
 HTTP  3/8/2026 6:34:38 PM ::1 GET /src/assets/icon-512.png
 HTTP  3/8/2026 6:34:38 PM ::1 Returned 200 in 1 ms
 HTTP  3/8/2026 6:34:38 PM ::1 Returned 200 in 1 ms
 HTTP  3/8/2026 6:34:40 PM ::1 GET /index.html
 HTTP  3/8/2026 6:34:40 PM ::1 Returned 301 in 1 ms
 HTTP  3/8/2026 6:34:40 PM ::1 GET /index
 HTTP  3/8/2026 6:34:40 PM ::1 Returned 301 in 0 ms
 HTTP  3/8/2026 6:34:40 PM ::1 GET /
 HTTP  3/8/2026 6:34:40 PM ::1 Returned 200 in 1 ms
 HTTP  3/8/2026 6:34:40 PM ::1 GET /src/style.css
 HTTP  3/8/2026 6:34:40 PM ::1 Returned 200 in 1 ms
 HTTP  3/8/2026 6:34:40 PM ::1 GET /src/script.js
 HTTP  3/8/2026 6:34:40 PM ::1 Returned 200 in 1 ms
 HTTP  3/8/2026 6:34:40 PM ::1 GET /sw.js
 HTTP  3/8/2026 6:34:40 PM ::1 Returned 200 in 2 ms
 HTTP  3/8/2026 6:34:40 PM ::1 GET /
 HTTP  3/8/2026 6:34:40 PM ::1 GET /src/style.css
 HTTP  3/8/2026 6:34:40 PM ::1 Returned 304 in 2 ms
 HTTP  3/8/2026 6:34:40 PM ::1 Returned 304 in 2 ms
 HTTP  3/8/2026 6:34:40 PM ::1 GET /src/assets/default_image.png
 HTTP  3/8/2026 6:34:40 PM ::1 Returned 200 in 7 ms
 HTTP  3/8/2026 6:34:40 PM ::1 GET /src/script.js
 HTTP  3/8/2026 6:34:40 PM ::1 GET /manifest.json
 HTTP  3/8/2026 6:34:40 PM ::1 Returned 304 in 1 ms
 HTTP  3/8/2026 6:34:40 PM ::1 Returned 200 in 1 ms
 HTTP  3/8/2026 6:34:40 PM ::1 GET /
 HTTP  3/8/2026 6:34:40 PM ::1 Returned 304 in 5 ms
 HTTP  3/8/2026 6:34:40 PM ::1 GET /src/assets/default_image.png
 HTTP  3/8/2026 6:34:40 PM ::1 Returned 304 in 2 ms
 HTTP  3/8/2026 6:34:40 PM ::1 GET /src/assets/icon-192.png
 HTTP  3/8/2026 6:34:40 PM ::1 Returned 200 in 1 ms
 HTTP  3/8/2026 6:34:40 PM ::1 GET /src/assets/icon-512.png
 HTTP  3/8/2026 6:34:40 PM ::1 Returned 200 in 1 ms
 HTTP  3/8/2026 6:34:40 PM ::1 GET /src/assets/icon-192.png
 HTTP  3/8/2026 6:34:40 PM ::1 Returned 304 in 0 ms
 HTTP  3/8/2026 6:34:40 PM ::1 GET /src/assets/default_image.png
 HTTP  3/8/2026 6:34:40 PM ::1 Returned 304 in 14 ms
 HTTP  3/8/2026 6:34:40 PM ::1 GET /src/assets/icon-512.png
 HTTP  3/8/2026 6:34:40 PM ::1 Returned 304 in 1 ms
 HTTP  3/8/2026 6:34:46 PM ::1 GET /index.html
 HTTP  3/8/2026 6:34:46 PM ::1 Returned 301 in 1 ms
 HTTP  3/8/2026 6:34:46 PM ::1 GET /index
 HTTP  3/8/2026 6:34:46 PM ::1 Returned 301 in 1 ms
 HTTP  3/8/2026 6:34:46 PM ::1 GET /
 HTTP  3/8/2026 6:34:46 PM ::1 Returned 200 in 1 ms
 HTTP  3/8/2026 6:34:46 PM ::1 GET /src/style.css
 HTTP  3/8/2026 6:34:46 PM ::1 Returned 200 in 2 ms
 HTTP  3/8/2026 6:34:46 PM ::1 GET /src/script.js
 HTTP  3/8/2026 6:34:46 PM ::1 GET /manifest.json
 HTTP  3/8/2026 6:34:46 PM ::1 Returned 200 in 1 ms
 HTTP  3/8/2026 6:34:46 PM ::1 Returned 200 in 1 ms
 HTTP  3/8/2026 6:34:47 PM ::1 GET /sw.js
 HTTP  3/8/2026 6:34:47 PM ::1 GET /src/assets/default_image.png
 HTTP  3/8/2026 6:34:47 PM ::1 Returned 200 in 2 ms
 HTTP  3/8/2026 6:34:47 PM ::1 Returned 200 in 1 ms
 HTTP  3/8/2026 6:34:47 PM ::1 GET /
 HTTP  3/8/2026 6:34:47 PM ::1 GET /index.html
 HTTP  3/8/2026 6:34:47 PM ::1 Returned 301 in 0 ms
 HTTP  3/8/2026 6:34:47 PM ::1 GET /src/style.css
 HTTP  3/8/2026 6:34:47 PM ::1 Returned 200 in 3 ms
 HTTP  3/8/2026 6:34:47 PM ::1 Returned 200 in 2 ms
 HTTP  3/8/2026 6:34:47 PM ::1 GET /src/script.js
 HTTP  3/8/2026 6:34:47 PM ::1 Returned 200 in 1 ms
 HTTP  3/8/2026 6:34:47 PM ::1 GET /manifest.json
 HTTP  3/8/2026 6:34:47 PM ::1 Returned 200 in 1 ms
 HTTP  3/8/2026 6:34:47 PM ::1 GET /src/assets/icon-192.png
 HTTP  3/8/2026 6:34:47 PM ::1 GET /src/assets/icon-512.png
 HTTP  3/8/2026 6:34:47 PM ::1 GET /src/assets/default_image.png
 HTTP  3/8/2026 6:34:47 PM ::1 Returned 200 in 1 ms
 HTTP  3/8/2026 6:34:47 PM ::1 Returned 200 in 1 ms
 HTTP  3/8/2026 6:34:47 PM ::1 Returned 200 in 1 ms
 HTTP  3/8/2026 6:34:47 PM ::1 GET /index
 HTTP  3/8/2026 6:34:47 PM ::1 Returned 301 in 1 ms
 HTTP  3/8/2026 6:34:47 PM ::1 GET /
 HTTP  3/8/2026 6:34:47 PM ::1 Returned 200 in 9 ms
 HTTP  3/8/2026 6:34:50 PM ::1 GET /index.html
 HTTP  3/8/2026 6:34:50 PM ::1 Returned 301 in 0 ms
 HTTP  3/8/2026 6:34:50 PM ::1 GET /index
 HTTP  3/8/2026 6:34:50 PM ::1 Returned 301 in 1 ms
 HTTP  3/8/2026 6:34:50 PM ::1 GET /
 HTTP  3/8/2026 6:34:50 PM ::1 Returned 200 in 1 ms
 HTTP  3/8/2026 6:34:50 PM ::1 GET /src/style.css
 HTTP  3/8/2026 6:34:50 PM ::1 Returned 200 in 5 ms
 HTTP  3/8/2026 6:34:50 PM ::1 GET /src/script.js
 HTTP  3/8/2026 6:34:50 PM ::1 Returned 200 in 0 ms
 HTTP  3/8/2026 6:34:50 PM ::1 GET /manifest.json
 HTTP  3/8/2026 6:34:50 PM ::1 Returned 200 in 1 ms
 HTTP  3/8/2026 6:34:51 PM ::1 GET /sw.js
 HTTP  3/8/2026 6:34:51 PM ::1 Returned 200 in 1 ms
 HTTP  3/8/2026 6:34:51 PM ::1 GET /src/assets/default_image.png
 HTTP  3/8/2026 6:34:51 PM ::1 Returned 200 in 1 ms
 HTTP  3/8/2026 6:34:51 PM ::1 GET /
 HTTP  3/8/2026 6:34:51 PM ::1 Returned 200 in 0 ms
 HTTP  3/8/2026 6:34:51 PM ::1 GET /index.html
 HTTP  3/8/2026 6:34:51 PM ::1 Returned 301 in 1 ms
 HTTP  3/8/2026 6:34:51 PM ::1 GET /src/style.css
 HTTP  3/8/2026 6:34:51 PM ::1 GET /src/script.js
 HTTP  3/8/2026 6:34:51 PM ::1 Returned 200 in 1 ms
 HTTP  3/8/2026 6:34:51 PM ::1 Returned 200 in 3 ms
 HTTP  3/8/2026 6:34:51 PM ::1 GET /manifest.json
 HTTP  3/8/2026 6:34:51 PM ::1 Returned 200 in 4 ms
 HTTP  3/8/2026 6:34:51 PM ::1 GET /src/assets/icon-192.png
 HTTP  3/8/2026 6:34:51 PM ::1 GET /src/assets/icon-512.png
 HTTP  3/8/2026 6:34:51 PM ::1 GET /src/assets/default_image.png
 HTTP  3/8/2026 6:34:51 PM ::1 Returned 200 in 7 ms
 HTTP  3/8/2026 6:34:51 PM ::1 Returned 200 in 6 ms
 HTTP  3/8/2026 6:34:51 PM ::1 Returned 200 in 16 ms
 HTTP  3/8/2026 6:34:51 PM ::1 GET /index
 HTTP  3/8/2026 6:34:51 PM ::1 Returned 301 in 0 ms
 HTTP  3/8/2026 6:34:51 PM ::1 GET /
 HTTP  3/8/2026 6:34:51 PM ::1 Returned 200 in 1 ms
 HTTP  3/8/2026 6:35:00 PM ::1 GET /index.html
 HTTP  3/8/2026 6:35:00 PM ::1 Returned 301 in 7 ms
 HTTP  3/8/2026 6:35:01 PM ::1 GET /index
 HTTP  3/8/2026 6:35:01 PM ::1 Returned 301 in 1 ms
 HTTP  3/8/2026 6:35:01 PM ::1 GET /
 HTTP  3/8/2026 6:35:01 PM ::1 Returned 200 in 0 ms
 HTTP  3/8/2026 6:35:01 PM ::1 GET /src/style.css
 HTTP  3/8/2026 6:35:01 PM ::1 Returned 200 in 1 ms
 HTTP  3/8/2026 6:35:01 PM ::1 GET /src/script.js
 HTTP  3/8/2026 6:35:01 PM ::1 Returned 200 in 2 ms
 HTTP  3/8/2026 6:35:01 PM ::1 GET /manifest.json
 HTTP  3/8/2026 6:35:01 PM ::1 Returned 200 in 2 ms
 HTTP  3/8/2026 6:35:01 PM ::1 GET /sw.js
 HTTP  3/8/2026 6:35:01 PM ::1 GET /src/assets/default_image.png
 HTTP  3/8/2026 6:35:01 PM ::1 Returned 200 in 1 ms
 HTTP  3/8/2026 6:35:01 PM ::1 Returned 200 in 1 ms
 HTTP  3/8/2026 6:35:01 PM ::1 GET /
 HTTP  3/8/2026 6:35:01 PM ::1 GET /index.html
 HTTP  3/8/2026 6:35:01 PM ::1 Returned 301 in 3 ms
 HTTP  3/8/2026 6:35:01 PM ::1 GET /src/style.css
 HTTP  3/8/2026 6:35:01 PM ::1 Returned 200 in 5 ms
 HTTP  3/8/2026 6:35:01 PM ::1 Returned 200 in 2 ms
 HTTP  3/8/2026 6:35:01 PM ::1 GET /manifest.json
 HTTP  3/8/2026 6:35:01 PM ::1 Returned 200 in 17 ms
 HTTP  3/8/2026 6:35:01 PM ::1 GET /src/script.js
 HTTP  3/8/2026 6:35:01 PM ::1 Returned 200 in 2 ms
 HTTP  3/8/2026 6:35:01 PM ::1 GET /src/assets/default_image.png
 HTTP  3/8/2026 6:35:01 PM ::1 Returned 200 in 13 ms
 HTTP  3/8/2026 6:35:01 PM ::1 GET /src/assets/icon-192.png
 HTTP  3/8/2026 6:35:01 PM ::1 Returned 200 in 10 ms
 HTTP  3/8/2026 6:35:01 PM ::1 GET /src/assets/icon-512.png
 HTTP  3/8/2026 6:35:01 PM ::1 GET /index
 HTTP  3/8/2026 6:35:01 PM ::1 Returned 301 in 0 ms
 HTTP  3/8/2026 6:35:01 PM ::1 Returned 200 in 2 ms
 HTTP  3/8/2026 6:35:01 PM ::1 GET /
 HTTP  3/8/2026 6:35:01 PM ::1 Returned 200 in 0 ms
 HTTP  3/8/2026 6:35:12 PM ::1 GET /index.html
 HTTP  3/8/2026 6:35:12 PM ::1 Returned 301 in 1 ms
 HTTP  3/8/2026 6:35:12 PM ::1 GET /index
 HTTP  3/8/2026 6:35:12 PM ::1 Returned 301 in 0 ms
 HTTP  3/8/2026 6:35:12 PM ::1 GET /
 HTTP  3/8/2026 6:35:12 PM ::1 Returned 200 in 1 ms
 HTTP  3/8/2026 6:35:12 PM ::1 GET /src/style.css
 HTTP  3/8/2026 6:35:12 PM ::1 Returned 200 in 2 ms
 HTTP  3/8/2026 6:35:12 PM ::1 GET /manifest.json
 HTTP  3/8/2026 6:35:12 PM ::1 Returned 200 in 0 ms
 HTTP  3/8/2026 6:35:12 PM ::1 GET /src/script.js
 HTTP  3/8/2026 6:35:12 PM ::1 Returned 200 in 0 ms
 HTTP  3/8/2026 6:35:13 PM ::1 GET /sw.js
 HTTP  3/8/2026 6:35:13 PM ::1 Returned 200 in 0 ms
 HTTP  3/8/2026 6:35:13 PM ::1 GET /src/assets/default_image.png
 HTTP  3/8/2026 6:35:13 PM ::1 Returned 200 in 4 ms
 HTTP  3/8/2026 6:35:13 PM ::1 GET /
 HTTP  3/8/2026 6:35:13 PM ::1 GET /index.html
 HTTP  3/8/2026 6:35:13 PM ::1 Returned 301 in 0 ms
 HTTP  3/8/2026 6:35:13 PM ::1 Returned 200 in 5 ms
 HTTP  3/8/2026 6:35:13 PM ::1 GET /src/style.css
 HTTP  3/8/2026 6:35:13 PM ::1 GET /src/script.js
 HTTP  3/8/2026 6:35:13 PM ::1 Returned 200 in 1 ms
 HTTP  3/8/2026 6:35:13 PM ::1 Returned 200 in 1 ms
 HTTP  3/8/2026 6:35:13 PM ::1 GET /manifest.json
 HTTP  3/8/2026 6:35:13 PM ::1 GET /src/assets/default_image.png
 HTTP  3/8/2026 6:35:13 PM ::1 Returned 200 in 7 ms
 HTTP  3/8/2026 6:35:13 PM ::1 Returned 200 in 5 ms
 HTTP  3/8/2026 6:35:13 PM ::1 GET /src/assets/icon-192.png
 HTTP  3/8/2026 6:35:13 PM ::1 GET /src/assets/icon-512.png
 HTTP  3/8/2026 6:35:13 PM ::1 Returned 200 in 1 ms
 HTTP  3/8/2026 6:35:13 PM ::1 Returned 200 in 1 ms
 HTTP  3/8/2026 6:35:13 PM ::1 GET /index
 HTTP  3/8/2026 6:35:13 PM ::1 Returned 301 in 0 ms
 HTTP  3/8/2026 6:35:13 PM ::1 GET /
 HTTP  3/8/2026 6:35:13 PM ::1 Returned 200 in 1 ms
 HTTP  3/8/2026 6:35:20 PM ::1 GET /index.html
 HTTP  3/8/2026 6:35:20 PM ::1 Returned 301 in 1 ms
 HTTP  3/8/2026 6:35:20 PM ::1 GET /index
 HTTP  3/8/2026 6:35:20 PM ::1 Returned 301 in 0 ms
 HTTP  3/8/2026 6:35:20 PM ::1 GET /
 HTTP  3/8/2026 6:35:20 PM ::1 Returned 200 in 1 ms
 HTTP  3/8/2026 6:35:20 PM ::1 GET /src/style.css
 HTTP  3/8/2026 6:35:20 PM ::1 Returned 200 in 2 ms
 HTTP  3/8/2026 6:35:20 PM ::1 GET /src/script.js
 HTTP  3/8/2026 6:35:20 PM ::1 Returned 200 in 1 ms
 HTTP  3/8/2026 6:35:20 PM ::1 GET /manifest.json
 HTTP  3/8/2026 6:35:20 PM ::1 Returned 200 in 1 ms
 HTTP  3/8/2026 6:35:20 PM ::1 GET /sw.js
 HTTP  3/8/2026 6:35:20 PM ::1 GET /src/assets/default_image.png
 HTTP  3/8/2026 6:35:20 PM ::1 Returned 200 in 0 ms
 HTTP  3/8/2026 6:35:20 PM ::1 Returned 200 in 1 ms
 HTTP  3/8/2026 6:35:21 PM ::1 GET /
 HTTP  3/8/2026 6:35:21 PM ::1 Returned 200 in 0 ms
 HTTP  3/8/2026 6:35:21 PM ::1 GET /index.html
 HTTP  3/8/2026 6:35:21 PM ::1 Returned 301 in 0 ms
 HTTP  3/8/2026 6:35:21 PM ::1 GET /src/style.css
 HTTP  3/8/2026 6:35:21 PM ::1 GET /src/assets/icon-192.png
 HTTP  3/8/2026 6:35:21 PM ::1 Returned 200 in 4 ms
 HTTP  3/8/2026 6:35:21 PM ::1 GET /src/script.js
 HTTP  3/8/2026 6:35:21 PM ::1 Returned 200 in 1 ms
 HTTP  3/8/2026 6:35:21 PM ::1 Returned 200 in 7 ms
 HTTP  3/8/2026 6:35:21 PM ::1 GET /manifest.json
 HTTP  3/8/2026 6:35:21 PM ::1 GET /src/assets/default_image.png
 HTTP  3/8/2026 6:35:21 PM ::1 Returned 200 in 4 ms
 HTTP  3/8/2026 6:35:21 PM ::1 Returned 200 in 2 ms
 HTTP  3/8/2026 6:35:21 PM ::1 GET /src/assets/icon-512.png
 HTTP  3/8/2026 6:35:21 PM ::1 GET /index
 HTTP  3/8/2026 6:35:21 PM ::1 Returned 301 in 0 ms
 HTTP  3/8/2026 6:35:21 PM ::1 Returned 200 in 1 ms
 HTTP  3/8/2026 6:35:21 PM ::1 GET /
 HTTP  3/8/2026 6:35:21 PM ::1 Returned 200 in 4 ms
 HTTP  3/8/2026 6:35:30 PM ::1 GET /index.html
 HTTP  3/8/2026 6:35:30 PM ::1 Returned 301 in 1 ms
 HTTP  3/8/2026 6:35:30 PM ::1 GET /index
 HTTP  3/8/2026 6:35:30 PM ::1 Returned 301 in 0 ms
 HTTP  3/8/2026 6:35:30 PM ::1 GET /
 HTTP  3/8/2026 6:35:30 PM ::1 Returned 200 in 1 ms
 HTTP  3/8/2026 6:35:30 PM ::1 GET /src/style.css
 HTTP  3/8/2026 6:35:30 PM ::1 Returned 200 in 0 ms
 HTTP  3/8/2026 6:35:30 PM ::1 GET /manifest.json
 HTTP  3/8/2026 6:35:30 PM ::1 Returned 200 in 1 ms
 HTTP  3/8/2026 6:35:30 PM ::1 GET /src/script.js
 HTTP  3/8/2026 6:35:30 PM ::1 Returned 200 in 0 ms
 HTTP  3/8/2026 6:35:31 PM ::1 GET /sw.js
 HTTP  3/8/2026 6:35:31 PM ::1 GET /src/assets/default_image.png
 HTTP  3/8/2026 6:35:31 PM ::1 Returned 200 in 3 ms
 HTTP  3/8/2026 6:35:31 PM ::1 Returned 200 in 2 ms
 HTTP  3/8/2026 6:35:31 PM ::1 GET /
 HTTP  3/8/2026 6:35:31 PM ::1 GET /index.html
 HTTP  3/8/2026 6:35:31 PM ::1 Returned 301 in 0 ms
 HTTP  3/8/2026 6:35:31 PM ::1 Returned 200 in 1 ms
 HTTP  3/8/2026 6:35:31 PM ::1 GET /src/script.js
 HTTP  3/8/2026 6:35:31 PM ::1 GET /src/style.css
 HTTP  3/8/2026 6:35:31 PM ::1 Returned 200 in 1 ms
 HTTP  3/8/2026 6:35:31 PM ::1 GET /src/assets/default_image.png
 HTTP  3/8/2026 6:35:31 PM ::1 Returned 200 in 1 ms
 HTTP  3/8/2026 6:35:31 PM ::1 Returned 200 in 1 ms
 HTTP  3/8/2026 6:35:31 PM ::1 GET /manifest.json
 HTTP  3/8/2026 6:35:31 PM ::1 Returned 200 in 1 ms
 HTTP  3/8/2026 6:35:31 PM ::1 GET /src/assets/icon-192.png
 HTTP  3/8/2026 6:35:31 PM ::1 Returned 200 in 6 ms
 HTTP  3/8/2026 6:35:31 PM ::1 GET /src/assets/icon-512.png
 HTTP  3/8/2026 6:35:31 PM ::1 Returned 200 in 0 ms
 HTTP  3/8/2026 6:35:31 PM ::1 GET /index
 HTTP  3/8/2026 6:35:31 PM ::1 Returned 301 in 0 ms
 HTTP  3/8/2026 6:35:31 PM ::1 GET /
 HTTP  3/8/2026 6:35:31 PM ::1 Returned 200 in 2 ms
 HTTP  3/8/2026 6:35:36 PM ::1 GET /index.html
 HTTP  3/8/2026 6:35:36 PM ::1 Returned 301 in 0 ms
 HTTP  3/8/2026 6:35:36 PM ::1 GET /index
 HTTP  3/8/2026 6:35:36 PM ::1 Returned 301 in 0 ms
 HTTP  3/8/2026 6:35:36 PM ::1 GET /
 HTTP  3/8/2026 6:35:36 PM ::1 Returned 200 in 0 ms
 HTTP  3/8/2026 6:35:36 PM ::1 GET /src/style.css
 HTTP  3/8/2026 6:35:36 PM ::1 Returned 200 in 1 ms
 HTTP  3/8/2026 6:35:36 PM ::1 GET /manifest.json
 HTTP  3/8/2026 6:35:36 PM ::1 GET /src/script.js
 HTTP  3/8/2026 6:35:36 PM ::1 Returned 200 in 1 ms
 HTTP  3/8/2026 6:35:36 PM ::1 Returned 200 in 0 ms
 HTTP  3/8/2026 6:35:36 PM ::1 GET /sw.js
 HTTP  3/8/2026 6:35:36 PM ::1 Returned 200 in 3 ms
 HTTP  3/8/2026 6:35:36 PM ::1 GET /src/assets/default_image.png
 HTTP  3/8/2026 6:35:36 PM ::1 Returned 200 in 2 ms
 HTTP  3/8/2026 6:35:36 PM ::1 GET /
 HTTP  3/8/2026 6:35:36 PM ::1 GET /index.html
 HTTP  3/8/2026 6:35:36 PM ::1 Returned 301 in 0 ms
 HTTP  3/8/2026 6:35:36 PM ::1 GET /src/style.css
 HTTP  3/8/2026 6:35:36 PM ::1 Returned 200 in 6 ms
 HTTP  3/8/2026 6:35:36 PM ::1 Returned 200 in 5 ms
 HTTP  3/8/2026 6:35:36 PM ::1 GET /src/script.js
 HTTP  3/8/2026 6:35:36 PM ::1 GET /manifest.json
 HTTP  3/8/2026 6:35:36 PM ::1 Returned 200 in 2 ms
 HTTP  3/8/2026 6:35:36 PM ::1 Returned 200 in 2 ms
 HTTP  3/8/2026 6:35:36 PM ::1 GET /src/assets/default_image.png
 HTTP  3/8/2026 6:35:36 PM ::1 GET /src/assets/icon-512.png
 HTTP  3/8/2026 6:35:36 PM ::1 GET /src/assets/icon-192.png
 HTTP  3/8/2026 6:35:36 PM ::1 Returned 200 in 8 ms
 HTTP  3/8/2026 6:35:36 PM ::1 Returned 200 in 1 ms
 HTTP  3/8/2026 6:35:36 PM ::1 Returned 200 in 1 ms
 HTTP  3/8/2026 6:35:36 PM ::1 GET /index
 HTTP  3/8/2026 6:35:36 PM ::1 Returned 301 in 0 ms
 HTTP  3/8/2026 6:35:36 PM ::1 GET /
 HTTP  3/8/2026 6:35:36 PM ::1 Returned 200 in 1 ms
 HTTP  3/8/2026 6:35:40 PM ::1 GET /index.html
 HTTP  3/8/2026 6:35:40 PM ::1 Returned 301 in 1 ms
 HTTP  3/8/2026 6:35:40 PM ::1 GET /index
 HTTP  3/8/2026 6:35:40 PM ::1 Returned 301 in 1 ms
 HTTP  3/8/2026 6:35:40 PM ::1 GET /
 HTTP  3/8/2026 6:35:40 PM ::1 Returned 200 in 2 ms
 HTTP  3/8/2026 6:35:40 PM ::1 GET /src/style.css
 HTTP  3/8/2026 6:35:40 PM ::1 GET /manifest.json
 HTTP  3/8/2026 6:35:40 PM ::1 Returned 200 in 5 ms
 HTTP  3/8/2026 6:35:40 PM ::1 Returned 200 in 3 ms
 HTTP  3/8/2026 6:35:40 PM ::1 GET /src/script.js
 HTTP  3/8/2026 6:35:40 PM ::1 Returned 200 in 1 ms
 HTTP  3/8/2026 6:35:41 PM ::1 GET /sw.js
 HTTP  3/8/2026 6:35:41 PM ::1 Returned 200 in 1 ms
 HTTP  3/8/2026 6:35:41 PM ::1 GET /src/assets/default_image.png
 HTTP  3/8/2026 6:35:41 PM ::1 Returned 200 in 1 ms
 HTTP  3/8/2026 6:35:41 PM ::1 GET /
 HTTP  3/8/2026 6:35:41 PM ::1 GET /index.html
 HTTP  3/8/2026 6:35:41 PM ::1 Returned 301 in 0 ms
 HTTP  3/8/2026 6:35:41 PM ::1 GET /src/style.css
 HTTP  3/8/2026 6:35:41 PM ::1 GET /src/assets/icon-192.png
 HTTP  3/8/2026 6:35:41 PM ::1 Returned 200 in 3 ms
 HTTP  3/8/2026 6:35:41 PM ::1 Returned 200 in 2 ms
 HTTP  3/8/2026 6:35:41 PM ::1 Returned 200 in 1 ms
 HTTP  3/8/2026 6:35:41 PM ::1 GET /src/script.js
 HTTP  3/8/2026 6:35:41 PM ::1 Returned 200 in 0 ms
 HTTP  3/8/2026 6:35:41 PM ::1 GET /manifest.json
 HTTP  3/8/2026 6:35:41 PM ::1 GET /src/assets/default_image.png
 HTTP  3/8/2026 6:35:41 PM ::1 Returned 200 in 6 ms
 HTTP  3/8/2026 6:35:41 PM ::1 Returned 200 in 2 ms
 HTTP  3/8/2026 6:35:41 PM ::1 GET /src/assets/icon-512.png
 HTTP  3/8/2026 6:35:41 PM ::1 Returned 200 in 3 ms
 HTTP  3/8/2026 6:35:41 PM ::1 GET /index
 HTTP  3/8/2026 6:35:41 PM ::1 Returned 301 in 0 ms
 HTTP  3/8/2026 6:35:41 PM ::1 GET /
 HTTP  3/8/2026 6:35:41 PM ::1 Returned 200 in 3 ms
 HTTP  3/8/2026 6:35:55 PM ::1 GET /index.html
 HTTP  3/8/2026 6:35:55 PM ::1 Returned 301 in 1 ms
 HTTP  3/8/2026 6:35:55 PM ::1 GET /index
 HTTP  3/8/2026 6:35:55 PM ::1 Returned 301 in 0 ms
 HTTP  3/8/2026 6:35:55 PM ::1 GET /
 HTTP  3/8/2026 6:35:55 PM ::1 Returned 200 in 0 ms
 HTTP  3/8/2026 6:35:55 PM ::1 GET /src/style.css
 HTTP  3/8/2026 6:35:55 PM ::1 Returned 200 in 3 ms
 HTTP  3/8/2026 6:35:55 PM ::1 GET /manifest.json
 HTTP  3/8/2026 6:35:55 PM ::1 GET /src/script.js
 HTTP  3/8/2026 6:35:55 PM ::1 Returned 200 in 6 ms
 HTTP  3/8/2026 6:35:55 PM ::1 Returned 200 in 5 ms
 HTTP  3/8/2026 6:35:55 PM ::1 GET /sw.js
 HTTP  3/8/2026 6:35:55 PM ::1 Returned 200 in 1 ms
 HTTP  3/8/2026 6:35:55 PM ::1 GET /src/assets/default_image.png
 HTTP  3/8/2026 6:35:55 PM ::1 Returned 200 in 1 ms
 HTTP  3/8/2026 6:35:55 PM ::1 GET /
 HTTP  3/8/2026 6:35:55 PM ::1 Returned 200 in 1 ms
 HTTP  3/8/2026 6:35:55 PM ::1 GET /index.html
 HTTP  3/8/2026 6:35:55 PM ::1 Returned 301 in 0 ms
 HTTP  3/8/2026 6:35:55 PM ::1 GET /src/style.css
 HTTP  3/8/2026 6:35:55 PM ::1 GET /src/assets/default_image.png
 HTTP  3/8/2026 6:35:55 PM ::1 Returned 200 in 9 ms
 HTTP  3/8/2026 6:35:55 PM ::1 GET /src/script.js
 HTTP  3/8/2026 6:35:55 PM ::1 Returned 200 in 3 ms
 HTTP  3/8/2026 6:35:55 PM ::1 Returned 200 in 1 ms
 HTTP  3/8/2026 6:35:55 PM ::1 GET /manifest.json
 HTTP  3/8/2026 6:35:55 PM ::1 Returned 200 in 2 ms
 HTTP  3/8/2026 6:35:55 PM ::1 GET /src/assets/icon-192.png
 HTTP  3/8/2026 6:35:55 PM ::1 Returned 200 in 3 ms
 HTTP  3/8/2026 6:35:55 PM ::1 GET /src/assets/icon-512.png
 HTTP  3/8/2026 6:35:55 PM ::1 Returned 200 in 3 ms
 HTTP  3/8/2026 6:35:55 PM ::1 GET /index
 HTTP  3/8/2026 6:35:55 PM ::1 Returned 301 in 0 ms
 HTTP  3/8/2026 6:35:55 PM ::1 GET /
 HTTP  3/8/2026 6:35:55 PM ::1 Returned 200 in 1 ms
 HTTP  3/8/2026 6:36:03 PM ::1 GET /index.html
 HTTP  3/8/2026 6:36:03 PM ::1 Returned 301 in 1 ms
 HTTP  3/8/2026 6:36:03 PM ::1 GET /index
 HTTP  3/8/2026 6:36:03 PM ::1 Returned 301 in 1 ms
 HTTP  3/8/2026 6:36:03 PM ::1 GET /
 HTTP  3/8/2026 6:36:03 PM ::1 Returned 200 in 1 ms
 HTTP  3/8/2026 6:36:03 PM ::1 GET /src/style.css
 HTTP  3/8/2026 6:36:03 PM ::1 Returned 200 in 3 ms
 HTTP  3/8/2026 6:36:03 PM ::1 GET /manifest.json
 HTTP  3/8/2026 6:36:03 PM ::1 Returned 200 in 2 ms
 HTTP  3/8/2026 6:36:03 PM ::1 GET /src/script.js
 HTTP  3/8/2026 6:36:03 PM ::1 Returned 200 in 1 ms
 HTTP  3/8/2026 6:36:04 PM ::1 GET /sw.js
 HTTP  3/8/2026 6:36:04 PM ::1 Returned 200 in 8 ms
 HTTP  3/8/2026 6:36:04 PM ::1 GET /src/assets/default_image.png
 HTTP  3/8/2026 6:36:04 PM ::1 Returned 200 in 6 ms
 HTTP  3/8/2026 6:36:04 PM ::1 GET /
 HTTP  3/8/2026 6:36:04 PM ::1 Returned 200 in 1 ms
 HTTP  3/8/2026 6:36:04 PM ::1 GET /index.html
 HTTP  3/8/2026 6:36:04 PM ::1 Returned 301 in 1 ms
 HTTP  3/8/2026 6:36:04 PM ::1 GET /src/style.css
 HTTP  3/8/2026 6:36:04 PM ::1 Returned 200 in 0 ms
 HTTP  3/8/2026 6:36:04 PM ::1 GET /src/script.js
 HTTP  3/8/2026 6:36:04 PM ::1 GET /src/assets/default_image.png
 HTTP  3/8/2026 6:36:04 PM ::1 Returned 200 in 1 ms
 HTTP  3/8/2026 6:36:04 PM ::1 GET /manifest.json
 HTTP  3/8/2026 6:36:04 PM ::1 Returned 200 in 1 ms
 HTTP  3/8/2026 6:36:04 PM ::1 GET /src/assets/icon-512.png
 HTTP  3/8/2026 6:36:04 PM ::1 GET /src/assets/icon-192.png
 HTTP  3/8/2026 6:36:04 PM ::1 Returned 200 in 1 ms
 HTTP  3/8/2026 6:36:04 PM ::1 Returned 200 in 6 ms
 HTTP  3/8/2026 6:36:04 PM ::1 Returned 200 in 5 ms
 HTTP  3/8/2026 6:36:04 PM ::1 GET /index
 HTTP  3/8/2026 6:36:04 PM ::1 Returned 301 in 0 ms
 HTTP  3/8/2026 6:36:04 PM ::1 GET /
 HTTP  3/8/2026 6:36:04 PM ::1 Returned 200 in 1 ms
 HTTP  3/8/2026 6:36:15 PM ::1 GET /index.html
 HTTP  3/8/2026 6:36:15 PM ::1 Returned 301 in 1 ms
 HTTP  3/8/2026 6:36:15 PM ::1 GET /index
 HTTP  3/8/2026 6:36:15 PM ::1 Returned 301 in 0 ms
 HTTP  3/8/2026 6:36:15 PM ::1 GET /
 HTTP  3/8/2026 6:36:15 PM ::1 Returned 200 in 1 ms
 HTTP  3/8/2026 6:36:15 PM ::1 GET /src/style.css
 HTTP  3/8/2026 6:36:15 PM ::1 Returned 200 in 2 ms
 HTTP  3/8/2026 6:36:15 PM ::1 GET /manifest.json
 HTTP  3/8/2026 6:36:15 PM ::1 Returned 200 in 1 ms
 HTTP  3/8/2026 6:36:15 PM ::1 GET /src/script.js
 HTTP  3/8/2026 6:36:15 PM ::1 Returned 200 in 1 ms
 HTTP  3/8/2026 6:36:16 PM ::1 GET /sw.js
 HTTP  3/8/2026 6:36:16 PM ::1 Returned 200 in 1 ms
 HTTP  3/8/2026 6:36:16 PM ::1 GET /src/assets/default_image.png
 HTTP  3/8/2026 6:36:16 PM ::1 Returned 200 in 2 ms
 HTTP  3/8/2026 6:36:16 PM ::1 GET /
 HTTP  3/8/2026 6:36:16 PM ::1 GET /index.html
 HTTP  3/8/2026 6:36:16 PM ::1 Returned 301 in 1 ms
 HTTP  3/8/2026 6:36:16 PM ::1 GET /src/style.css
 HTTP  3/8/2026 6:36:16 PM ::1 Returned 200 in 2 ms
 HTTP  3/8/2026 6:36:16 PM ::1 Returned 200 in 1 ms
 HTTP  3/8/2026 6:36:16 PM ::1 GET /src/script.js
 HTTP  3/8/2026 6:36:16 PM ::1 GET /src/assets/default_image.png
 HTTP  3/8/2026 6:36:16 PM ::1 GET /manifest.json
 HTTP  3/8/2026 6:36:16 PM ::1 Returned 200 in 5 ms
 HTTP  3/8/2026 6:36:16 PM ::1 Returned 200 in 5 ms
 HTTP  3/8/2026 6:36:16 PM ::1 Returned 200 in 8 ms
 HTTP  3/8/2026 6:36:16 PM ::1 GET /src/assets/icon-192.png
 HTTP  3/8/2026 6:36:16 PM ::1 GET /src/assets/icon-512.png
 HTTP  3/8/2026 6:36:16 PM ::1 GET /index
 HTTP  3/8/2026 6:36:16 PM ::1 Returned 301 in 0 ms
 HTTP  3/8/2026 6:36:16 PM ::1 Returned 200 in 2 ms
 HTTP  3/8/2026 6:36:16 PM ::1 Returned 200 in 2 ms
 HTTP  3/8/2026 6:36:16 PM ::1 GET /
 HTTP  3/8/2026 6:36:16 PM ::1 Returned 200 in 1 ms
 HTTP  3/8/2026 6:36:22 PM ::1 GET /index.html
 HTTP  3/8/2026 6:36:22 PM ::1 Returned 301 in 0 ms
 HTTP  3/8/2026 6:36:22 PM ::1 GET /index
 HTTP  3/8/2026 6:36:22 PM ::1 Returned 301 in 1 ms
 HTTP  3/8/2026 6:36:22 PM ::1 GET /
 HTTP  3/8/2026 6:36:22 PM ::1 Returned 200 in 1 ms
 HTTP  3/8/2026 6:36:22 PM ::1 GET /src/style.css
 HTTP  3/8/2026 6:36:22 PM ::1 Returned 200 in 2 ms
 HTTP  3/8/2026 6:36:22 PM ::1 GET /src/script.js
 HTTP  3/8/2026 6:36:22 PM ::1 Returned 200 in 2 ms
 HTTP  3/8/2026 6:36:23 PM ::1 GET /manifest.json
 HTTP  3/8/2026 6:36:23 PM ::1 Returned 200 in 1 ms
 HTTP  3/8/2026 6:36:23 PM ::1 GET /sw.js
 HTTP  3/8/2026 6:36:23 PM ::1 Returned 200 in 1 ms
 HTTP  3/8/2026 6:36:23 PM ::1 GET /src/assets/default_image.png
 HTTP  3/8/2026 6:36:23 PM ::1 Returned 200 in 1 ms
 HTTP  3/8/2026 6:36:23 PM ::1 GET /
 HTTP  3/8/2026 6:36:23 PM ::1 GET /index.html
 HTTP  3/8/2026 6:36:23 PM ::1 Returned 301 in 1 ms
 HTTP  3/8/2026 6:36:23 PM ::1 GET /src/style.css
 HTTP  3/8/2026 6:36:23 PM ::1 GET /manifest.json
 HTTP  3/8/2026 6:36:23 PM ::1 Returned 200 in 19 ms
 HTTP  3/8/2026 6:36:23 PM ::1 Returned 200 in 19 ms
 HTTP  3/8/2026 6:36:23 PM ::1 Returned 200 in 2 ms
 HTTP  3/8/2026 6:36:23 PM ::1 GET /src/script.js
 HTTP  3/8/2026 6:36:23 PM ::1 GET /src/assets/default_image.png
 HTTP  3/8/2026 6:36:23 PM ::1 GET /src/assets/icon-192.png
 HTTP  3/8/2026 6:36:23 PM ::1 Returned 200 in 6 ms
 HTTP  3/8/2026 6:36:23 PM ::1 Returned 200 in 4 ms
 HTTP  3/8/2026 6:36:23 PM ::1 Returned 200 in 5 ms
 HTTP  3/8/2026 6:36:23 PM ::1 GET /src/assets/icon-512.png
 HTTP  3/8/2026 6:36:23 PM ::1 GET /index
 HTTP  3/8/2026 6:36:23 PM ::1 Returned 301 in 0 ms
 HTTP  3/8/2026 6:36:23 PM ::1 Returned 200 in 3 ms
 HTTP  3/8/2026 6:36:23 PM ::1 GET /
 HTTP  3/8/2026 6:36:23 PM ::1 Returned 200 in 1 ms
 HTTP  3/8/2026 6:36:43 PM ::1 GET /index.html
 HTTP  3/8/2026 6:36:43 PM ::1 Returned 301 in 1 ms
 HTTP  3/8/2026 6:36:43 PM ::1 GET /index
 HTTP  3/8/2026 6:36:43 PM ::1 Returned 301 in 0 ms
 HTTP  3/8/2026 6:36:43 PM ::1 GET /
 HTTP  3/8/2026 6:36:43 PM ::1 Returned 200 in 1 ms
 HTTP  3/8/2026 6:36:43 PM ::1 GET /src/style.css
 HTTP  3/8/2026 6:36:43 PM ::1 Returned 200 in 1 ms
 HTTP  3/8/2026 6:36:43 PM ::1 GET /manifest.json
 HTTP  3/8/2026 6:36:43 PM ::1 Returned 200 in 2 ms
 HTTP  3/8/2026 6:36:43 PM ::1 GET /src/script.js
 HTTP  3/8/2026 6:36:43 PM ::1 Returned 200 in 0 ms
 HTTP  3/8/2026 6:36:43 PM ::1 GET /sw.js
 HTTP  3/8/2026 6:36:43 PM ::1 Returned 200 in 5 ms
 HTTP  3/8/2026 6:36:43 PM ::1 GET /src/assets/default_image.png
 HTTP  3/8/2026 6:36:43 PM ::1 Returned 200 in 5 ms
 HTTP  3/8/2026 6:36:44 PM ::1 GET /
 HTTP  3/8/2026 6:36:44 PM ::1 GET /index.html
 HTTP  3/8/2026 6:36:44 PM ::1 Returned 301 in 1 ms
 HTTP  3/8/2026 6:36:44 PM ::1 Returned 200 in 3 ms
 HTTP  3/8/2026 6:36:44 PM ::1 GET /src/style.css
 HTTP  3/8/2026 6:36:44 PM ::1 Returned 200 in 1 ms
 HTTP  3/8/2026 6:36:44 PM ::1 GET /src/assets/default_image.png
 HTTP  3/8/2026 6:36:44 PM ::1 GET /src/script.js
 HTTP  3/8/2026 6:36:44 PM ::1 Returned 200 in 8 ms
 HTTP  3/8/2026 6:36:44 PM ::1 Returned 200 in 8 ms
 HTTP  3/8/2026 6:36:44 PM ::1 GET /manifest.json
 HTTP  3/8/2026 6:36:44 PM ::1 Returned 200 in 1 ms
 HTTP  3/8/2026 6:36:44 PM ::1 GET /src/assets/icon-192.png
 HTTP  3/8/2026 6:36:44 PM ::1 GET /src/assets/icon-512.png
 HTTP  3/8/2026 6:36:44 PM ::1 Returned 200 in 1 ms
 HTTP  3/8/2026 6:36:44 PM ::1 Returned 200 in 2 ms
 HTTP  3/8/2026 6:36:44 PM ::1 GET /index
 HTTP  3/8/2026 6:36:44 PM ::1 Returned 301 in 1 ms
 HTTP  3/8/2026 6:36:44 PM ::1 GET /
 HTTP  3/8/2026 6:36:44 PM ::1 Returned 200 in 0 ms
 HTTP  3/8/2026 6:36:45 PM ::1 GET /index.html
 HTTP  3/8/2026 6:36:45 PM ::1 Returned 301 in 0 ms
 HTTP  3/8/2026 6:36:45 PM ::1 GET /index
 HTTP  3/8/2026 6:36:45 PM ::1 Returned 301 in 3 ms
 HTTP  3/8/2026 6:36:45 PM ::1 GET /
 HTTP  3/8/2026 6:36:45 PM ::1 Returned 200 in 0 ms
 HTTP  3/8/2026 6:36:45 PM ::1 GET /src/style.css
 HTTP  3/8/2026 6:36:45 PM ::1 Returned 200 in 0 ms
 HTTP  3/8/2026 6:36:45 PM ::1 GET /manifest.json
 HTTP  3/8/2026 6:36:45 PM ::1 GET /src/script.js
 HTTP  3/8/2026 6:36:45 PM ::1 Returned 200 in 4 ms
 HTTP  3/8/2026 6:36:45 PM ::1 Returned 200 in 4 ms
 HTTP  3/8/2026 6:36:46 PM ::1 GET /sw.js
 HTTP  3/8/2026 6:36:46 PM ::1 GET /src/assets/default_image.png
 HTTP  3/8/2026 6:36:46 PM ::1 Returned 200 in 6 ms
 HTTP  3/8/2026 6:36:46 PM ::1 Returned 200 in 1 ms
 HTTP  3/8/2026 6:36:46 PM ::1 GET /
 HTTP  3/8/2026 6:36:46 PM ::1 Returned 200 in 1 ms
 HTTP  3/8/2026 6:36:46 PM ::1 GET /index.html
 HTTP  3/8/2026 6:36:46 PM ::1 Returned 301 in 0 ms
 HTTP  3/8/2026 6:36:46 PM ::1 GET /src/style.css
 HTTP  3/8/2026 6:36:46 PM ::1 Returned 200 in 1 ms
 HTTP  3/8/2026 6:36:46 PM ::1 GET /src/script.js
 HTTP  3/8/2026 6:36:46 PM ::1 Returned 200 in 1 ms
 HTTP  3/8/2026 6:36:46 PM ::1 GET /manifest.json
 HTTP  3/8/2026 6:36:46 PM ::1 Returned 200 in 3 ms
 HTTP  3/8/2026 6:36:46 PM ::1 GET /src/assets/icon-192.png
 HTTP  3/8/2026 6:36:46 PM ::1 GET /src/assets/icon-512.png
 HTTP  3/8/2026 6:36:46 PM ::1 GET /index
 HTTP  3/8/2026 6:36:46 PM ::1 Returned 301 in 0 ms
 HTTP  3/8/2026 6:36:46 PM ::1 Returned 200 in 1 ms
 HTTP  3/8/2026 6:36:46 PM ::1 Returned 200 in 0 ms
 HTTP  3/8/2026 6:36:46 PM ::1 GET /src/assets/default_image.png
 HTTP  3/8/2026 6:36:46 PM ::1 Returned 200 in 11 ms
 HTTP  3/8/2026 6:36:46 PM ::1 GET /
 HTTP  3/8/2026 6:36:46 PM ::1 Returned 200 in 3 ms
 HTTP  3/8/2026 6:37:47 PM ::1 GET /
 HTTP  3/8/2026 6:37:47 PM ::1 Returned 200 in 1 ms
 HTTP  3/8/2026 6:37:47 PM ::1 GET /
 HTTP  3/8/2026 6:37:47 PM ::1 Returned 200 in 1 ms
 HTTP  3/8/2026 6:37:48 PM ::1 GET /index.html
 HTTP  3/8/2026 6:37:48 PM ::1 Returned 301 in 1 ms
 HTTP  3/8/2026 6:37:48 PM ::1 GET /index
 HTTP  3/8/2026 6:37:48 PM ::1 Returned 301 in 0 ms
 HTTP  3/8/2026 6:37:48 PM ::1 GET /
 HTTP  3/8/2026 6:37:48 PM ::1 Returned 200 in 1 ms
 HTTP  3/8/2026 6:37:48 PM ::1 GET /src/style.css
 HTTP  3/8/2026 6:37:48 PM ::1 GET /src/script.js
 HTTP  3/8/2026 6:37:48 PM ::1 Returned 200 in 1 ms
 HTTP  3/8/2026 6:37:48 PM ::1 Returned 200 in 1 ms
 HTTP  3/8/2026 6:37:48 PM ::1 GET /index.html
 HTTP  3/8/2026 6:37:48 PM ::1 Returned 301 in 1 ms
 HTTP  3/8/2026 6:37:48 PM ::1 GET /index
 HTTP  3/8/2026 6:37:48 PM ::1 Returned 301 in 0 ms
 HTTP  3/8/2026 6:37:48 PM ::1 GET /
 HTTP  3/8/2026 6:37:48 PM ::1 Returned 200 in 0 ms
 HTTP  3/8/2026 6:37:48 PM ::1 GET /src/style.css
 HTTP  3/8/2026 6:37:48 PM ::1 Returned 200 in 1 ms
 HTTP  3/8/2026 6:37:48 PM ::1 GET /src/script.js
 HTTP  3/8/2026 6:37:48 PM ::1 Returned 200 in 1 ms
 HTTP  3/8/2026 6:37:49 PM ::1 GET /sw.js
 HTTP  3/8/2026 6:37:49 PM ::1 Returned 200 in 1 ms
 HTTP  3/8/2026 6:37:49 PM ::1 GET /src/assets/default_image.png
 HTTP  3/8/2026 6:37:49 PM ::1 Returned 200 in 2 ms
 HTTP  3/8/2026 6:37:49 PM ::1 GET /
 HTTP  3/8/2026 6:37:49 PM ::1 GET /src/style.css
 HTTP  3/8/2026 6:37:49 PM ::1 Returned 304 in 1 ms
 HTTP  3/8/2026 6:37:49 PM ::1 Returned 304 in 7 ms
 HTTP  3/8/2026 6:37:49 PM ::1 GET /manifest.json
 HTTP  3/8/2026 6:37:49 PM ::1 Returned 200 in 1 ms
 HTTP  3/8/2026 6:37:49 PM ::1 GET /src/script.js
 HTTP  3/8/2026 6:37:49 PM ::1 Returned 304 in 1 ms
 HTTP  3/8/2026 6:37:49 PM ::1 GET /src/assets/default_image.png
 HTTP  3/8/2026 6:37:49 PM ::1 GET /
 HTTP  3/8/2026 6:37:49 PM ::1 Returned 304 in 1 ms
 HTTP  3/8/2026 6:37:49 PM ::1 Returned 304 in 2 ms
 HTTP  3/8/2026 6:37:49 PM ::1 GET /src/assets/icon-192.png
 HTTP  3/8/2026 6:37:49 PM ::1 Returned 200 in 1 ms
 HTTP  3/8/2026 6:37:49 PM ::1 GET /src/assets/icon-512.png
 HTTP  3/8/2026 6:37:49 PM ::1 Returned 200 in 0 ms
 HTTP  3/8/2026 6:37:49 PM ::1 GET /sw.js
 HTTP  3/8/2026 6:37:49 PM ::1 Returned 200 in 2 ms
 HTTP  3/8/2026 6:37:49 PM ::1 GET /
 HTTP  3/8/2026 6:37:49 PM ::1 GET /src/style.css
 HTTP  3/8/2026 6:37:49 PM ::1 Returned 304 in 2 ms
 HTTP  3/8/2026 6:37:49 PM ::1 Returned 304 in 1 ms
 HTTP  3/8/2026 6:37:49 PM ::1 GET /manifest.json
 HTTP  3/8/2026 6:37:49 PM ::1 Returned 200 in 0 ms
 HTTP  3/8/2026 6:37:49 PM ::1 GET /src/script.js
 HTTP  3/8/2026 6:37:49 PM ::1 Returned 304 in 0 ms
 HTTP  3/8/2026 6:37:49 PM ::1 GET /
 HTTP  3/8/2026 6:37:49 PM ::1 Returned 304 in 0 ms
 HTTP  3/8/2026 6:37:49 PM ::1 GET /src/assets/default_image.png
 HTTP  3/8/2026 6:37:49 PM ::1 Returned 200 in 3 ms
 HTTP  3/8/2026 6:37:49 PM ::1 GET /src/assets/default_image.png
 HTTP  3/8/2026 6:37:49 PM ::1 Returned 304 in 1 ms
 HTTP  3/8/2026 6:37:49 PM ::1 GET /src/assets/icon-192.png
 HTTP  3/8/2026 6:37:49 PM ::1 GET /src/assets/icon-512.png
 HTTP  3/8/2026 6:37:49 PM ::1 Returned 200 in 3 ms
 HTTP  3/8/2026 6:37:49 PM ::1 Returned 200 in 1 ms
 HTTP  3/8/2026 6:37:51 PM ::1 GET /index.html
 HTTP  3/8/2026 6:37:51 PM ::1 Returned 301 in 0 ms
 HTTP  3/8/2026 6:37:51 PM ::1 GET /index
 HTTP  3/8/2026 6:37:51 PM ::1 Returned 301 in 0 ms
 HTTP  3/8/2026 6:37:51 PM ::1 GET /
 HTTP  3/8/2026 6:37:51 PM ::1 Returned 200 in 1 ms
 HTTP  3/8/2026 6:37:51 PM ::1 GET /src/style.css
 HTTP  3/8/2026 6:37:51 PM ::1 GET /src/script.js
 HTTP  3/8/2026 6:37:51 PM ::1 Returned 200 in 1 ms
 HTTP  3/8/2026 6:37:51 PM ::1 Returned 200 in 1 ms
 HTTP  3/8/2026 6:37:51 PM ::1 GET /index.html
 HTTP  3/8/2026 6:37:51 PM ::1 Returned 301 in 1 ms
 HTTP  3/8/2026 6:37:51 PM ::1 GET /index
 HTTP  3/8/2026 6:37:51 PM ::1 Returned 301 in 0 ms
 HTTP  3/8/2026 6:37:51 PM ::1 GET /
 HTTP  3/8/2026 6:37:51 PM ::1 Returned 200 in 1 ms
 HTTP  3/8/2026 6:37:51 PM ::1 GET /src/style.css
 HTTP  3/8/2026 6:37:51 PM ::1 Returned 200 in 2 ms
 HTTP  3/8/2026 6:37:51 PM ::1 GET /src/script.js
 HTTP  3/8/2026 6:37:51 PM ::1 Returned 200 in 1 ms
 HTTP  3/8/2026 6:37:52 PM ::1 GET /sw.js
 HTTP  3/8/2026 6:37:52 PM ::1 Returned 200 in 1 ms
 HTTP  3/8/2026 6:37:52 PM ::1 GET /
 HTTP  3/8/2026 6:37:52 PM ::1 Returned 304 in 2 ms
 HTTP  3/8/2026 6:37:52 PM ::1 GET /src/style.css
 HTTP  3/8/2026 6:37:52 PM ::1 Returned 304 in 1 ms
 HTTP  3/8/2026 6:37:52 PM ::1 GET /src/assets/default_image.png
 HTTP  3/8/2026 6:37:52 PM ::1 GET /src/script.js
 HTTP  3/8/2026 6:37:52 PM ::1 Returned 200 in 0 ms
 HTTP  3/8/2026 6:37:52 PM ::1 Returned 304 in 1 ms
 HTTP  3/8/2026 6:37:52 PM ::1 GET /manifest.json
 HTTP  3/8/2026 6:37:52 PM ::1 GET /
 HTTP  3/8/2026 6:37:52 PM ::1 Returned 200 in 1 ms
 HTTP  3/8/2026 6:37:52 PM ::1 Returned 304 in 1 ms
 HTTP  3/8/2026 6:37:52 PM ::1 GET /src/assets/default_image.png
 HTTP  3/8/2026 6:37:52 PM ::1 Returned 304 in 1 ms
 HTTP  3/8/2026 6:37:52 PM ::1 GET /src/assets/icon-192.png
 HTTP  3/8/2026 6:37:52 PM ::1 Returned 200 in 0 ms
 HTTP  3/8/2026 6:37:52 PM ::1 GET /src/assets/icon-512.png
 HTTP  3/8/2026 6:37:52 PM ::1 Returned 200 in 1 ms
 HTTP  3/8/2026 6:37:52 PM ::1 GET /sw.js
 HTTP  3/8/2026 6:37:52 PM ::1 Returned 200 in 2 ms
 HTTP  3/8/2026 6:37:52 PM ::1 GET /src/assets/default_image.png
 HTTP  3/8/2026 6:37:52 PM ::1 Returned 200 in 2 ms
 HTTP  3/8/2026 6:37:52 PM ::1 GET /
 HTTP  3/8/2026 6:37:52 PM ::1 Returned 304 in 1 ms
 HTTP  3/8/2026 6:37:52 PM ::1 GET /src/style.css
 HTTP  3/8/2026 6:37:52 PM ::1 Returned 304 in 1 ms
 HTTP  3/8/2026 6:37:52 PM ::1 GET /
 HTTP  3/8/2026 6:37:52 PM ::1 Returned 304 in 1 ms
 HTTP  3/8/2026 6:37:52 PM ::1 GET /src/script.js
 HTTP  3/8/2026 6:37:52 PM ::1 GET /manifest.json
 HTTP  3/8/2026 6:37:52 PM ::1 Returned 304 in 1 ms
 HTTP  3/8/2026 6:37:52 PM ::1 Returned 200 in 1 ms
 HTTP  3/8/2026 6:37:52 PM ::1 GET /src/assets/default_image.png
 HTTP  3/8/2026 6:37:52 PM ::1 Returned 304 in 2 ms
 HTTP  3/8/2026 6:37:52 PM ::1 GET /src/assets/icon-192.png
 HTTP  3/8/2026 6:37:52 PM ::1 GET /src/assets/icon-512.png
 HTTP  3/8/2026 6:37:52 PM ::1 Returned 200 in 1 ms
 HTTP  3/8/2026 6:37:52 PM ::1 Returned 200 in 0 ms
 HTTP  3/8/2026 6:37:55 PM ::1 GET /index.html
 HTTP  3/8/2026 6:37:55 PM ::1 Returned 301 in 0 ms
 HTTP  3/8/2026 6:37:55 PM ::1 GET /index
 HTTP  3/8/2026 6:37:55 PM ::1 Returned 301 in 0 ms
 HTTP  3/8/2026 6:37:55 PM ::1 GET /
 HTTP  3/8/2026 6:37:55 PM ::1 Returned 200 in 0 ms
 HTTP  3/8/2026 6:37:55 PM ::1 GET /src/style.css
 HTTP  3/8/2026 6:37:55 PM ::1 GET /src/script.js
 HTTP  3/8/2026 6:37:55 PM ::1 Returned 200 in 1 ms
 HTTP  3/8/2026 6:37:55 PM ::1 Returned 200 in 2 ms
 HTTP  3/8/2026 6:37:55 PM ::1 GET /sw.js
 HTTP  3/8/2026 6:37:55 PM ::1 Returned 200 in 3 ms
 HTTP  3/8/2026 6:37:55 PM ::1 GET /src/assets/default_image.png
 HTTP  3/8/2026 6:37:55 PM ::1 Returned 200 in 2 ms
 HTTP  3/8/2026 6:37:55 PM ::1 GET /
 HTTP  3/8/2026 6:37:55 PM ::1 Returned 304 in 1 ms
 HTTP  3/8/2026 6:37:55 PM ::1 GET /src/style.css
 HTTP  3/8/2026 6:37:55 PM ::1 Returned 304 in 2 ms
 HTTP  3/8/2026 6:37:55 PM ::1 GET /src/script.js
 HTTP  3/8/2026 6:37:55 PM ::1 Returned 304 in 1 ms
 HTTP  3/8/2026 6:37:56 PM ::1 GET /manifest.json
 HTTP  3/8/2026 6:37:56 PM ::1 GET /
 HTTP  3/8/2026 6:37:56 PM ::1 Returned 200 in 4 ms
 HTTP  3/8/2026 6:37:56 PM ::1 Returned 304 in 4 ms
 HTTP  3/8/2026 6:37:56 PM ::1 GET /src/assets/default_image.png
 HTTP  3/8/2026 6:37:56 PM ::1 Returned 304 in 1 ms
 HTTP  3/8/2026 6:37:56 PM ::1 GET /src/assets/icon-192.png
 HTTP  3/8/2026 6:37:56 PM ::1 Returned 200 in 2 ms
 HTTP  3/8/2026 6:37:56 PM ::1 GET /src/assets/icon-512.png
 HTTP  3/8/2026 6:37:56 PM ::1 Returned 200 in 1 ms
 HTTP  3/8/2026 6:37:56 PM ::1 GET /index.html
 HTTP  3/8/2026 6:37:56 PM ::1 Returned 301 in 0 ms
 HTTP  3/8/2026 6:37:56 PM ::1 GET /index
 HTTP  3/8/2026 6:37:56 PM ::1 Returned 301 in 0 ms
 HTTP  3/8/2026 6:37:56 PM ::1 GET /
 HTTP  3/8/2026 6:37:56 PM ::1 Returned 200 in 1 ms
 HTTP  3/8/2026 6:37:56 PM ::1 GET /src/style.css
 HTTP  3/8/2026 6:37:56 PM ::1 GET /src/script.js
 HTTP  3/8/2026 6:37:56 PM ::1 Returned 200 in 1 ms
 HTTP  3/8/2026 6:37:56 PM ::1 Returned 200 in 1 ms
 HTTP  3/8/2026 6:37:56 PM ::1 GET /sw.js
 HTTP  3/8/2026 6:37:56 PM ::1 Returned 200 in 2 ms
 HTTP  3/8/2026 6:37:56 PM ::1 GET /src/assets/default_image.png
 HTTP  3/8/2026 6:37:56 PM ::1 Returned 200 in 1 ms
 HTTP  3/8/2026 6:37:56 PM ::1 GET /
 HTTP  3/8/2026 6:37:56 PM ::1 GET /src/style.css
 HTTP  3/8/2026 6:37:56 PM ::1 Returned 304 in 1 ms
 HTTP  3/8/2026 6:37:56 PM ::1 Returned 304 in 1 ms
 HTTP  3/8/2026 6:37:56 PM ::1 GET /src/script.js
 HTTP  3/8/2026 6:37:56 PM ::1 GET /
 HTTP  3/8/2026 6:37:56 PM ::1 Returned 304 in 1 ms
 HTTP  3/8/2026 6:37:56 PM ::1 GET /manifest.json
 HTTP  3/8/2026 6:37:56 PM ::1 Returned 304 in 1 ms
 HTTP  3/8/2026 6:37:56 PM ::1 Returned 200 in 2 ms
 HTTP  3/8/2026 6:37:56 PM ::1 GET /src/assets/default_image.png
 HTTP  3/8/2026 6:37:56 PM ::1 Returned 304 in 0 ms
 HTTP  3/8/2026 6:37:56 PM ::1 GET /src/assets/icon-192.png
 HTTP  3/8/2026 6:37:56 PM ::1 GET /src/assets/icon-512.png
 HTTP  3/8/2026 6:37:56 PM ::1 Returned 200 in 1 ms
 HTTP  3/8/2026 6:37:56 PM ::1 Returned 200 in 0 ms
 HTTP  3/8/2026 6:37:58 PM ::1 GET /index.html
 HTTP  3/8/2026 6:37:58 PM ::1 Returned 301 in 0 ms
 HTTP  3/8/2026 6:37:58 PM ::1 GET /index
 HTTP  3/8/2026 6:37:58 PM ::1 Returned 301 in 0 ms
 HTTP  3/8/2026 6:37:58 PM ::1 GET /
 HTTP  3/8/2026 6:37:58 PM ::1 Returned 200 in 0 ms
 HTTP  3/8/2026 6:37:58 PM ::1 GET /src/style.css
 HTTP  3/8/2026 6:37:58 PM ::1 GET /src/script.js
 HTTP  3/8/2026 6:37:58 PM ::1 Returned 200 in 1 ms
 HTTP  3/8/2026 6:37:58 PM ::1 Returned 200 in 0 ms
 HTTP  3/8/2026 6:37:58 PM ::1 GET /sw.js
 HTTP  3/8/2026 6:37:58 PM ::1 Returned 200 in 1 ms
 HTTP  3/8/2026 6:37:58 PM ::1 GET /src/assets/default_image.png
 HTTP  3/8/2026 6:37:58 PM ::1 Returned 200 in 2 ms
 HTTP  3/8/2026 6:37:58 PM ::1 GET /
 HTTP  3/8/2026 6:37:58 PM ::1 GET /src/style.css
 HTTP  3/8/2026 6:37:58 PM ::1 Returned 304 in 1 ms
 HTTP  3/8/2026 6:37:58 PM ::1 Returned 304 in 4 ms
 HTTP  3/8/2026 6:37:58 PM ::1 GET /src/script.js
 HTTP  3/8/2026 6:37:58 PM ::1 Returned 304 in 1 ms
 HTTP  3/8/2026 6:37:58 PM ::1 GET /manifest.json
 HTTP  3/8/2026 6:37:58 PM ::1 GET /
 HTTP  3/8/2026 6:37:58 PM ::1 Returned 200 in 1 ms
 HTTP  3/8/2026 6:37:58 PM ::1 Returned 304 in 2 ms
 HTTP  3/8/2026 6:37:58 PM ::1 GET /src/assets/icon-192.png
 HTTP  3/8/2026 6:37:58 PM ::1 GET /src/assets/icon-512.png
 HTTP  3/8/2026 6:37:58 PM ::1 GET /src/assets/default_image.png
 HTTP  3/8/2026 6:37:58 PM ::1 Returned 200 in 0 ms
 HTTP  3/8/2026 6:37:58 PM ::1 Returned 200 in 1 ms
 HTTP  3/8/2026 6:37:58 PM ::1 Returned 304 in 1 ms
 HTTP  3/8/2026 6:38:00 PM ::1 GET /index.html
 HTTP  3/8/2026 6:38:00 PM ::1 Returned 301 in 0 ms
 HTTP  3/8/2026 6:38:00 PM ::1 GET /index
 HTTP  3/8/2026 6:38:00 PM ::1 Returned 301 in 1 ms
 HTTP  3/8/2026 6:38:00 PM ::1 GET /
 HTTP  3/8/2026 6:38:00 PM ::1 Returned 200 in 1 ms
 HTTP  3/8/2026 6:38:00 PM ::1 GET /src/style.css
 HTTP  3/8/2026 6:38:00 PM ::1 GET /src/script.js
 HTTP  3/8/2026 6:38:00 PM ::1 Returned 200 in 1 ms
 HTTP  3/8/2026 6:38:00 PM ::1 Returned 200 in 1 ms
 HTTP  3/8/2026 6:38:00 PM ::1 GET /sw.js
 HTTP  3/8/2026 6:38:00 PM ::1 Returned 200 in 3 ms
 HTTP  3/8/2026 6:38:00 PM ::1 GET /src/assets/default_image.png
 HTTP  3/8/2026 6:38:00 PM ::1 Returned 200 in 1 ms
 HTTP  3/8/2026 6:38:00 PM ::1 GET /
 HTTP  3/8/2026 6:38:00 PM ::1 Returned 304 in 1 ms
 HTTP  3/8/2026 6:38:00 PM ::1 GET /src/style.css
 HTTP  3/8/2026 6:38:00 PM ::1 GET /src/script.js
 HTTP  3/8/2026 6:38:00 PM ::1 GET /
 HTTP  3/8/2026 6:38:00 PM ::1 Returned 304 in 1 ms
 HTTP  3/8/2026 6:38:00 PM ::1 Returned 304 in 1 ms
 HTTP  3/8/2026 6:38:00 PM ::1 Returned 304 in 1 ms
 HTTP  3/8/2026 6:38:00 PM ::1 GET /manifest.json
 HTTP  3/8/2026 6:38:00 PM ::1 GET /src/assets/icon-192.png
 HTTP  3/8/2026 6:38:00 PM ::1 GET /src/assets/default_image.png
 HTTP  3/8/2026 6:38:00 PM ::1 Returned 200 in 1 ms
 HTTP  3/8/2026 6:38:00 PM ::1 Returned 200 in 0 ms
 HTTP  3/8/2026 6:38:00 PM ::1 Returned 304 in 2 ms
 HTTP  3/8/2026 6:38:00 PM ::1 GET /src/assets/icon-512.png
 HTTP  3/8/2026 6:38:00 PM ::1 Returned 200 in 3 ms
 HTTP  3/8/2026 6:38:03 PM ::1 GET /index.html
 HTTP  3/8/2026 6:38:03 PM ::1 Returned 301 in 0 ms
 HTTP  3/8/2026 6:38:03 PM ::1 GET /index
 HTTP  3/8/2026 6:38:03 PM ::1 Returned 301 in 0 ms
 HTTP  3/8/2026 6:38:03 PM ::1 GET /
 HTTP  3/8/2026 6:38:03 PM ::1 Returned 200 in 0 ms
 HTTP  3/8/2026 6:38:03 PM ::1 GET /src/style.css
 HTTP  3/8/2026 6:38:03 PM ::1 GET /manifest.json
 HTTP  3/8/2026 6:38:03 PM ::1 Returned 200 in 4 ms
 HTTP  3/8/2026 6:38:03 PM ::1 Returned 200 in 3 ms
 HTTP  3/8/2026 6:38:03 PM ::1 GET /src/script.js
 HTTP  3/8/2026 6:38:03 PM ::1 Returned 200 in 2 ms
 HTTP  3/8/2026 6:38:03 PM ::1 GET /sw.js
 HTTP  3/8/2026 6:38:03 PM ::1 GET /src/assets/default_image.png
 HTTP  3/8/2026 6:38:03 PM ::1 Returned 200 in 1 ms
 HTTP  3/8/2026 6:38:03 PM ::1 Returned 200 in 0 ms
 HTTP  3/8/2026 6:38:03 PM ::1 GET /
 HTTP  3/8/2026 6:38:03 PM ::1 Returned 200 in 0 ms
 HTTP  3/8/2026 6:38:03 PM ::1 GET /index.html
 HTTP  3/8/2026 6:38:03 PM ::1 Returned 301 in 0 ms
 HTTP  3/8/2026 6:38:03 PM ::1 GET /src/style.css
 HTTP  3/8/2026 6:38:03 PM ::1 Returned 200 in 3 ms
 HTTP  3/8/2026 6:38:03 PM ::1 GET /src/script.js
 HTTP  3/8/2026 6:38:03 PM ::1 GET /src/assets/icon-192.png
 HTTP  3/8/2026 6:38:03 PM ::1 GET /manifest.json
 HTTP  3/8/2026 6:38:03 PM ::1 Returned 200 in 3 ms
 HTTP  3/8/2026 6:38:03 PM ::1 Returned 200 in 3 ms
 HTTP  3/8/2026 6:38:03 PM ::1 GET /src/assets/default_image.png
 HTTP  3/8/2026 6:38:03 PM ::1 Returned 200 in 2 ms
 HTTP  3/8/2026 6:38:03 PM ::1 Returned 200 in 1 ms
 HTTP  3/8/2026 6:38:03 PM ::1 GET /src/assets/icon-512.png
 HTTP  3/8/2026 6:38:03 PM ::1 Returned 200 in 1 ms
 HTTP  3/8/2026 6:38:03 PM ::1 GET /index
 HTTP  3/8/2026 6:38:03 PM ::1 Returned 301 in 0 ms
 HTTP  3/8/2026 6:38:03 PM ::1 GET /
 HTTP  3/8/2026 6:38:03 PM ::1 Returned 200 in 1 ms
 HTTP  3/8/2026 6:38:04 PM ::1 GET /index.html
 HTTP  3/8/2026 6:38:04 PM ::1 Returned 301 in 1 ms
 HTTP  3/8/2026 6:38:04 PM ::1 GET /index
 HTTP  3/8/2026 6:38:04 PM ::1 Returned 301 in 0 ms
 HTTP  3/8/2026 6:38:04 PM ::1 GET /
 HTTP  3/8/2026 6:38:04 PM ::1 Returned 200 in 1 ms
 HTTP  3/8/2026 6:38:04 PM ::1 GET /src/style.css
 HTTP  3/8/2026 6:38:04 PM ::1 GET /src/script.js
 HTTP  3/8/2026 6:38:04 PM ::1 Returned 200 in 1 ms
 HTTP  3/8/2026 6:38:04 PM ::1 Returned 200 in 0 ms
 HTTP  3/8/2026 6:38:04 PM ::1 GET /sw.js
 HTTP  3/8/2026 6:38:04 PM ::1 Returned 200 in 1 ms
 HTTP  3/8/2026 6:38:04 PM ::1 GET /src/assets/default_image.png
 HTTP  3/8/2026 6:38:04 PM ::1 GET /
 HTTP  3/8/2026 6:38:04 PM ::1 Returned 200 in 1 ms
 HTTP  3/8/2026 6:38:04 PM ::1 Returned 304 in 1 ms
 HTTP  3/8/2026 6:38:04 PM ::1 GET /src/style.css
 HTTP  3/8/2026 6:38:04 PM ::1 GET /
 HTTP  3/8/2026 6:38:04 PM ::1 Returned 304 in 8 ms
 HTTP  3/8/2026 6:38:04 PM ::1 GET /src/script.js
 HTTP  3/8/2026 6:38:04 PM ::1 Returned 304 in 1 ms
 HTTP  3/8/2026 6:38:04 PM ::1 Returned 304 in 1 ms
 HTTP  3/8/2026 6:38:04 PM ::1 GET /manifest.json
 HTTP  3/8/2026 6:38:04 PM ::1 Returned 200 in 0 ms
 HTTP  3/8/2026 6:38:04 PM ::1 GET /src/assets/icon-192.png
 HTTP  3/8/2026 6:38:04 PM ::1 Returned 200 in 6 ms
 HTTP  3/8/2026 6:38:04 PM ::1 GET /src/assets/default_image.png
 HTTP  3/8/2026 6:38:04 PM ::1 Returned 304 in 0 ms
 HTTP  3/8/2026 6:38:04 PM ::1 GET /src/assets/icon-512.png
 HTTP  3/8/2026 6:38:04 PM ::1 Returned 200 in 1 ms
 HTTP  3/8/2026 6:38:04 PM ::1 GET /src/assets/icon-192.png
 HTTP  3/8/2026 6:38:04 PM ::1 GET /src/assets/default_image.png
 HTTP  3/8/2026 6:38:04 PM ::1 GET /src/assets/icon-512.png
 HTTP  3/8/2026 6:38:04 PM ::1 Returned 304 in 2 ms
 HTTP  3/8/2026 6:38:04 PM ::1 Returned 304 in 1 ms
 HTTP  3/8/2026 6:38:04 PM ::1 Returned 304 in 1 ms
 HTTP  3/8/2026 6:38:14 PM ::1 GET /index.html
 HTTP  3/8/2026 6:38:14 PM ::1 Returned 301 in 0 ms
 HTTP  3/8/2026 6:38:14 PM ::1 GET /index
 HTTP  3/8/2026 6:38:14 PM ::1 Returned 301 in 0 ms
 HTTP  3/8/2026 6:38:14 PM ::1 GET /
 HTTP  3/8/2026 6:38:14 PM ::1 Returned 200 in 0 ms
 HTTP  3/8/2026 6:38:14 PM ::1 GET /src/style.css
 HTTP  3/8/2026 6:38:14 PM ::1 Returned 200 in 1 ms
 HTTP  3/8/2026 6:38:14 PM ::1 GET /manifest.json
 HTTP  3/8/2026 6:38:14 PM ::1 Returned 200 in 0 ms
 HTTP  3/8/2026 6:38:14 PM ::1 GET /src/script.js
 HTTP  3/8/2026 6:38:14 PM ::1 Returned 200 in 1 ms
 HTTP  3/8/2026 6:38:14 PM ::1 GET /sw.js
 HTTP  3/8/2026 6:38:14 PM ::1 GET /src/assets/default_image.png
 HTTP  3/8/2026 6:38:14 PM ::1 Returned 200 in 1 ms
 HTTP  3/8/2026 6:38:14 PM ::1 Returned 200 in 1 ms
 HTTP  3/8/2026 6:38:14 PM ::1 GET /
 HTTP  3/8/2026 6:38:14 PM ::1 GET /index.html
 HTTP  3/8/2026 6:38:14 PM ::1 Returned 301 in 1 ms
 HTTP  3/8/2026 6:38:14 PM ::1 GET /src/style.css
 HTTP  3/8/2026 6:38:14 PM ::1 Returned 200 in 2 ms
 HTTP  3/8/2026 6:38:14 PM ::1 GET /src/script.js
 HTTP  3/8/2026 6:38:14 PM ::1 Returned 200 in 2 ms
 HTTP  3/8/2026 6:38:14 PM ::1 Returned 200 in 1 ms
 HTTP  3/8/2026 6:38:14 PM ::1 GET /manifest.json
 HTTP  3/8/2026 6:38:14 PM ::1 Returned 200 in 2 ms
 HTTP  3/8/2026 6:38:14 PM ::1 GET /src/assets/icon-192.png
 HTTP  3/8/2026 6:38:14 PM ::1 GET /src/assets/default_image.png
 HTTP  3/8/2026 6:38:14 PM ::1 Returned 200 in 2 ms
 HTTP  3/8/2026 6:38:14 PM ::1 Returned 200 in 2 ms
 HTTP  3/8/2026 6:38:14 PM ::1 GET /src/assets/icon-512.png
 HTTP  3/8/2026 6:38:14 PM ::1 Returned 200 in 1 ms
 HTTP  3/8/2026 6:38:14 PM ::1 GET /index
 HTTP  3/8/2026 6:38:14 PM ::1 Returned 301 in 1 ms
 HTTP  3/8/2026 6:38:14 PM ::1 GET /
 HTTP  3/8/2026 6:38:14 PM ::1 Returned 200 in 0 ms
 HTTP  3/8/2026 6:38:21 PM ::1 GET /index.html
 HTTP  3/8/2026 6:38:21 PM ::1 Returned 301 in 1 ms
 HTTP  3/8/2026 6:38:21 PM ::1 GET /index
 HTTP  3/8/2026 6:38:21 PM ::1 Returned 301 in 0 ms
 HTTP  3/8/2026 6:38:21 PM ::1 GET /
 HTTP  3/8/2026 6:38:21 PM ::1 Returned 200 in 0 ms
 HTTP  3/8/2026 6:38:21 PM ::1 GET /src/style.css
 HTTP  3/8/2026 6:38:21 PM ::1 GET /manifest.json
 HTTP  3/8/2026 6:38:21 PM ::1 Returned 200 in 2 ms
 HTTP  3/8/2026 6:38:21 PM ::1 Returned 200 in 2 ms
 HTTP  3/8/2026 6:38:21 PM ::1 GET /src/script.js
 HTTP  3/8/2026 6:38:21 PM ::1 Returned 200 in 1 ms
 HTTP  3/8/2026 6:38:21 PM ::1 GET /sw.js
 HTTP  3/8/2026 6:38:21 PM ::1 Returned 200 in 1 ms
 HTTP  3/8/2026 6:38:21 PM ::1 GET /src/assets/default_image.png
 HTTP  3/8/2026 6:38:21 PM ::1 Returned 200 in 1 ms
 HTTP  3/8/2026 6:38:21 PM ::1 GET /
 HTTP  3/8/2026 6:38:21 PM ::1 GET /index.html
 HTTP  3/8/2026 6:38:21 PM ::1 Returned 301 in 1 ms
 HTTP  3/8/2026 6:38:21 PM ::1 Returned 200 in 2 ms
 HTTP  3/8/2026 6:38:21 PM ::1 GET /src/style.css
 HTTP  3/8/2026 6:38:21 PM ::1 GET /src/script.js
 HTTP  3/8/2026 6:38:21 PM ::1 Returned 200 in 2 ms
 HTTP  3/8/2026 6:38:21 PM ::1 Returned 200 in 8 ms
 HTTP  3/8/2026 6:38:21 PM ::1 GET /manifest.json
 HTTP  3/8/2026 6:38:21 PM ::1 GET /src/assets/icon-512.png
 HTTP  3/8/2026 6:38:21 PM ::1 GET /src/assets/default_image.png
 HTTP  3/8/2026 6:38:21 PM ::1 Returned 200 in 2 ms
 HTTP  3/8/2026 6:38:21 PM ::1 GET /src/assets/icon-192.png
 HTTP  3/8/2026 6:38:21 PM ::1 Returned 200 in 1 ms
 HTTP  3/8/2026 6:38:21 PM ::1 Returned 200 in 1 ms
 HTTP  3/8/2026 6:38:21 PM ::1 Returned 200 in 1 ms
 HTTP  3/8/2026 6:38:21 PM ::1 GET /index
 HTTP  3/8/2026 6:38:21 PM ::1 Returned 301 in 0 ms
 HTTP  3/8/2026 6:38:21 PM ::1 GET /
 HTTP  3/8/2026 6:38:21 PM ::1 Returned 200 in 1 ms
 HTTP  3/8/2026 6:38:31 PM ::1 GET /index.html
 HTTP  3/8/2026 6:38:31 PM ::1 Returned 301 in 1 ms
 HTTP  3/8/2026 6:38:31 PM ::1 GET /index
 HTTP  3/8/2026 6:38:31 PM ::1 Returned 301 in 1 ms
 HTTP  3/8/2026 6:38:31 PM ::1 GET /
 HTTP  3/8/2026 6:38:31 PM ::1 Returned 200 in 0 ms
 HTTP  3/8/2026 6:38:31 PM ::1 GET /src/style.css
 HTTP  3/8/2026 6:38:31 PM ::1 GET /manifest.json
 HTTP  3/8/2026 6:38:31 PM ::1 Returned 200 in 4 ms
 HTTP  3/8/2026 6:38:31 PM ::1 Returned 200 in 4 ms
 HTTP  3/8/2026 6:38:31 PM ::1 GET /src/script.js
 HTTP  3/8/2026 6:38:31 PM ::1 Returned 200 in 1 ms
 HTTP  3/8/2026 6:38:31 PM ::1 GET /sw.js
 HTTP  3/8/2026 6:38:31 PM ::1 Returned 200 in 2 ms
 HTTP  3/8/2026 6:38:31 PM ::1 GET /src/assets/default_image.png
 HTTP  3/8/2026 6:38:31 PM ::1 Returned 200 in 0 ms
 HTTP  3/8/2026 6:38:31 PM ::1 GET /
 HTTP  3/8/2026 6:38:31 PM ::1 GET /index.html
 HTTP  3/8/2026 6:38:31 PM ::1 Returned 301 in 1 ms
 HTTP  3/8/2026 6:38:31 PM ::1 GET /src/style.css
 HTTP  3/8/2026 6:38:31 PM ::1 GET /src/script.js
 HTTP  3/8/2026 6:38:31 PM ::1 Returned 200 in 3 ms
 HTTP  3/8/2026 6:38:31 PM ::1 Returned 200 in 1 ms
 HTTP  3/8/2026 6:38:31 PM ::1 GET /src/assets/default_image.png
 HTTP  3/8/2026 6:38:31 PM ::1 Returned 200 in 2 ms
 HTTP  3/8/2026 6:38:31 PM ::1 GET /manifest.json
 HTTP  3/8/2026 6:38:31 PM ::1 Returned 200 in 5 ms
 HTTP  3/8/2026 6:38:31 PM ::1 GET /src/assets/icon-192.png
 HTTP  3/8/2026 6:38:31 PM ::1 Returned 200 in 1 ms
 HTTP  3/8/2026 6:38:31 PM ::1 Returned 200 in 0 ms
 HTTP  3/8/2026 6:38:31 PM ::1 GET /src/assets/icon-512.png
 HTTP  3/8/2026 6:38:31 PM ::1 GET /index
 HTTP  3/8/2026 6:38:31 PM ::1 Returned 301 in 0 ms
 HTTP  3/8/2026 6:38:31 PM ::1 Returned 200 in 1 ms
 HTTP  3/8/2026 6:38:31 PM ::1 GET /
 HTTP  3/8/2026 6:38:31 PM ::1 Returned 200 in 1 ms
 HTTP  3/8/2026 6:38:39 PM ::1 GET /index.html
 HTTP  3/8/2026 6:38:39 PM ::1 Returned 301 in 0 ms
 HTTP  3/8/2026 6:38:39 PM ::1 GET /index
 HTTP  3/8/2026 6:38:39 PM ::1 Returned 301 in 0 ms
 HTTP  3/8/2026 6:38:39 PM ::1 GET /
 HTTP  3/8/2026 6:38:39 PM ::1 Returned 200 in 0 ms
 HTTP  3/8/2026 6:38:39 PM ::1 GET /src/style.css
 HTTP  3/8/2026 6:38:39 PM ::1 Returned 200 in 2 ms
 HTTP  3/8/2026 6:38:39 PM ::1 GET /manifest.json
 HTTP  3/8/2026 6:38:39 PM ::1 Returned 200 in 4 ms
 HTTP  3/8/2026 6:38:39 PM ::1 GET /src/script.js
 HTTP  3/8/2026 6:38:39 PM ::1 Returned 200 in 1 ms
 HTTP  3/8/2026 6:38:39 PM ::1 GET /sw.js
 HTTP  3/8/2026 6:38:39 PM ::1 Returned 200 in 1 ms
 HTTP  3/8/2026 6:38:39 PM ::1 GET /src/assets/default_image.png
 HTTP  3/8/2026 6:38:39 PM ::1 Returned 200 in 1 ms
 HTTP  3/8/2026 6:38:39 PM ::1 GET /
 HTTP  3/8/2026 6:38:39 PM ::1 GET /index.html
 HTTP  3/8/2026 6:38:39 PM ::1 Returned 301 in 0 ms
 HTTP  3/8/2026 6:38:39 PM ::1 Returned 200 in 1 ms
 HTTP  3/8/2026 6:38:39 PM ::1 GET /src/style.css
 HTTP  3/8/2026 6:38:39 PM ::1 GET /src/script.js
 HTTP  3/8/2026 6:38:39 PM ::1 Returned 200 in 0 ms
 HTTP  3/8/2026 6:38:39 PM ::1 Returned 200 in 1 ms
 HTTP  3/8/2026 6:38:39 PM ::1 GET /src/assets/default_image.png
 HTTP  3/8/2026 6:38:39 PM ::1 GET /manifest.json
 HTTP  3/8/2026 6:38:39 PM ::1 Returned 200 in 3 ms
 HTTP  3/8/2026 6:38:39 PM ::1 GET /src/assets/icon-192.png
 HTTP  3/8/2026 6:38:39 PM ::1 Returned 200 in 3 ms
 HTTP  3/8/2026 6:38:39 PM ::1 Returned 200 in 3 ms
 HTTP  3/8/2026 6:38:39 PM ::1 GET /src/assets/icon-512.png
 HTTP  3/8/2026 6:38:39 PM ::1 GET /index
 HTTP  3/8/2026 6:38:39 PM ::1 Returned 301 in 1 ms
 HTTP  3/8/2026 6:38:39 PM ::1 Returned 200 in 1 ms
 HTTP  3/8/2026 6:38:39 PM ::1 GET /
 HTTP  3/8/2026 6:38:39 PM ::1 Returned 200 in 2 ms
 HTTP  3/8/2026 6:38:49 PM ::1 GET /index.html
 HTTP  3/8/2026 6:38:49 PM ::1 Returned 301 in 0 ms
 HTTP  3/8/2026 6:38:49 PM ::1 GET /index
 HTTP  3/8/2026 6:38:49 PM ::1 Returned 301 in 0 ms
 HTTP  3/8/2026 6:38:49 PM ::1 GET /
 HTTP  3/8/2026 6:38:49 PM ::1 Returned 200 in 3 ms
 HTTP  3/8/2026 6:38:49 PM ::1 GET /src/style.css
 HTTP  3/8/2026 6:38:49 PM ::1 Returned 200 in 1 ms
 HTTP  3/8/2026 6:38:49 PM ::1 GET /manifest.json
 HTTP  3/8/2026 6:38:49 PM ::1 Returned 200 in 1 ms
 HTTP  3/8/2026 6:38:49 PM ::1 GET /src/script.js
 HTTP  3/8/2026 6:38:49 PM ::1 Returned 200 in 2 ms
 HTTP  3/8/2026 6:38:49 PM ::1 GET /sw.js
 HTTP  3/8/2026 6:38:49 PM ::1 Returned 200 in 7 ms
 HTTP  3/8/2026 6:38:49 PM ::1 GET /src/assets/default_image.png
 HTTP  3/8/2026 6:38:49 PM ::1 Returned 200 in 0 ms
 HTTP  3/8/2026 6:38:49 PM ::1 GET /
 HTTP  3/8/2026 6:38:49 PM ::1 GET /index.html
 HTTP  3/8/2026 6:38:49 PM ::1 Returned 301 in 0 ms
 HTTP  3/8/2026 6:38:49 PM ::1 Returned 200 in 1 ms
 HTTP  3/8/2026 6:38:49 PM ::1 GET /src/style.css
 HTTP  3/8/2026 6:38:49 PM ::1 Returned 200 in 13 ms
 HTTP  3/8/2026 6:38:49 PM ::1 GET /src/assets/default_image.png
 HTTP  3/8/2026 6:38:49 PM ::1 GET /src/assets/icon-192.png
 HTTP  3/8/2026 6:38:49 PM ::1 GET /src/assets/icon-512.png
 HTTP  3/8/2026 6:38:49 PM ::1 GET /src/script.js
 HTTP  3/8/2026 6:38:49 PM ::1 Returned 200 in 8 ms
 HTTP  3/8/2026 6:38:49 PM ::1 Returned 200 in 8 ms
 HTTP  3/8/2026 6:38:49 PM ::1 Returned 200 in 5 ms
 HTTP  3/8/2026 6:38:49 PM ::1 Returned 200 in 4 ms
 HTTP  3/8/2026 6:38:49 PM ::1 GET /manifest.json
 HTTP  3/8/2026 6:38:49 PM ::1 Returned 200 in 2 ms
 HTTP  3/8/2026 6:38:49 PM ::1 GET /index
 HTTP  3/8/2026 6:38:49 PM ::1 Returned 301 in 1 ms
 HTTP  3/8/2026 6:38:49 PM ::1 GET /
 HTTP  3/8/2026 6:38:49 PM ::1 Returned 200 in 1 ms
 HTTP  3/8/2026 6:38:55 PM ::1 GET /index.html
 HTTP  3/8/2026 6:38:55 PM ::1 Returned 301 in 0 ms
 HTTP  3/8/2026 6:38:55 PM ::1 GET /index
 HTTP  3/8/2026 6:38:55 PM ::1 Returned 301 in 0 ms
 HTTP  3/8/2026 6:38:55 PM ::1 GET /
 HTTP  3/8/2026 6:38:55 PM ::1 Returned 200 in 1 ms
 HTTP  3/8/2026 6:38:55 PM ::1 GET /src/style.css
 HTTP  3/8/2026 6:38:55 PM ::1 Returned 200 in 0 ms
 HTTP  3/8/2026 6:38:55 PM ::1 GET /manifest.json
 HTTP  3/8/2026 6:38:55 PM ::1 Returned 200 in 2 ms
 HTTP  3/8/2026 6:38:55 PM ::1 GET /src/script.js
 HTTP  3/8/2026 6:38:55 PM ::1 Returned 200 in 2 ms
 HTTP  3/8/2026 6:38:55 PM ::1 GET /sw.js
 HTTP  3/8/2026 6:38:55 PM ::1 Returned 200 in 1 ms
 HTTP  3/8/2026 6:38:55 PM ::1 GET /src/assets/default_image.png
 HTTP  3/8/2026 6:38:55 PM ::1 Returned 200 in 1 ms
 HTTP  3/8/2026 6:38:55 PM ::1 GET /
 HTTP  3/8/2026 6:38:55 PM ::1 Returned 200 in 0 ms
 HTTP  3/8/2026 6:38:55 PM ::1 GET /index.html
 HTTP  3/8/2026 6:38:55 PM ::1 Returned 301 in 0 ms
 HTTP  3/8/2026 6:38:55 PM ::1 GET /src/style.css
 HTTP  3/8/2026 6:38:55 PM ::1 Returned 200 in 0 ms
 HTTP  3/8/2026 6:38:55 PM ::1 GET /manifest.json
 HTTP  3/8/2026 6:38:55 PM ::1 GET /src/assets/default_image.png
 HTTP  3/8/2026 6:38:55 PM ::1 GET /src/script.js
 HTTP  3/8/2026 6:38:55 PM ::1 GET /src/assets/icon-192.png
 HTTP  3/8/2026 6:38:55 PM ::1 Returned 200 in 3 ms
 HTTP  3/8/2026 6:38:55 PM ::1 Returned 200 in 1 ms
 HTTP  3/8/2026 6:38:55 PM ::1 Returned 200 in 2 ms
 HTTP  3/8/2026 6:38:55 PM ::1 Returned 200 in 2 ms
 HTTP  3/8/2026 6:38:55 PM ::1 GET /src/assets/icon-512.png
 HTTP  3/8/2026 6:38:55 PM ::1 Returned 200 in 4 ms
 HTTP  3/8/2026 6:38:55 PM ::1 GET /index
 HTTP  3/8/2026 6:38:55 PM ::1 Returned 301 in 1 ms
 HTTP  3/8/2026 6:38:55 PM ::1 GET /
 HTTP  3/8/2026 6:38:55 PM ::1 Returned 200 in 7 ms
 HTTP  3/8/2026 6:39:00 PM ::1 GET /index.html
 HTTP  3/8/2026 6:39:00 PM ::1 Returned 301 in 2 ms
 HTTP  3/8/2026 6:39:00 PM ::1 GET /index
 HTTP  3/8/2026 6:39:00 PM ::1 Returned 301 in 0 ms
 HTTP  3/8/2026 6:39:00 PM ::1 GET /
 HTTP  3/8/2026 6:39:00 PM ::1 Returned 200 in 0 ms
 HTTP  3/8/2026 6:39:00 PM ::1 GET /src/style.css
 HTTP  3/8/2026 6:39:00 PM ::1 Returned 200 in 1 ms
 HTTP  3/8/2026 6:39:00 PM ::1 GET /manifest.json
 HTTP  3/8/2026 6:39:00 PM ::1 Returned 200 in 11 ms
 HTTP  3/8/2026 6:39:00 PM ::1 GET /src/script.js
 HTTP  3/8/2026 6:39:00 PM ::1 Returned 200 in 7 ms
 HTTP  3/8/2026 6:39:01 PM ::1 GET /sw.js
 HTTP  3/8/2026 6:39:01 PM ::1 GET /src/assets/default_image.png
 HTTP  3/8/2026 6:39:01 PM ::1 Returned 200 in 4 ms
 HTTP  3/8/2026 6:39:01 PM ::1 Returned 200 in 4 ms
 HTTP  3/8/2026 6:39:01 PM ::1 GET /
 HTTP  3/8/2026 6:39:01 PM ::1 Returned 200 in 1 ms
 HTTP  3/8/2026 6:39:01 PM ::1 GET /index.html
 HTTP  3/8/2026 6:39:01 PM ::1 Returned 301 in 0 ms
 HTTP  3/8/2026 6:39:01 PM ::1 GET /src/style.css
 HTTP  3/8/2026 6:39:01 PM ::1 Returned 200 in 1 ms
 HTTP  3/8/2026 6:39:01 PM ::1 GET /src/script.js
 HTTP  3/8/2026 6:39:01 PM ::1 GET /manifest.json
 HTTP  3/8/2026 6:39:01 PM ::1 Returned 200 in 3 ms
 HTTP  3/8/2026 6:39:01 PM ::1 Returned 200 in 2 ms
 HTTP  3/8/2026 6:39:01 PM ::1 GET /src/assets/default_image.png
 HTTP  3/8/2026 6:39:01 PM ::1 Returned 200 in 4 ms
 HTTP  3/8/2026 6:39:01 PM ::1 GET /index
 HTTP  3/8/2026 6:39:01 PM ::1 Returned 301 in 0 ms
 HTTP  3/8/2026 6:39:01 PM ::1 GET /src/assets/icon-192.png
 HTTP  3/8/2026 6:39:01 PM ::1 GET /src/assets/icon-512.png
 HTTP  3/8/2026 6:39:01 PM ::1 Returned 200 in 1 ms
 HTTP  3/8/2026 6:39:01 PM ::1 Returned 200 in 3 ms
 HTTP  3/8/2026 6:39:01 PM ::1 GET /
 HTTP  3/8/2026 6:39:01 PM ::1 Returned 200 in 13 ms
 HTTP  3/8/2026 6:39:14 PM ::1 GET /index.html
 HTTP  3/8/2026 6:39:14 PM ::1 Returned 301 in 0 ms
 HTTP  3/8/2026 6:39:14 PM ::1 GET /index
 HTTP  3/8/2026 6:39:14 PM ::1 Returned 301 in 1 ms
 HTTP  3/8/2026 6:39:14 PM ::1 GET /
 HTTP  3/8/2026 6:39:14 PM ::1 Returned 200 in 1 ms
 HTTP  3/8/2026 6:39:14 PM ::1 GET /src/style.css
 HTTP  3/8/2026 6:39:14 PM ::1 Returned 200 in 4 ms
 HTTP  3/8/2026 6:39:14 PM ::1 GET /manifest.json
 HTTP  3/8/2026 6:39:14 PM ::1 Returned 200 in 2 ms
 HTTP  3/8/2026 6:39:14 PM ::1 GET /src/script.js
 HTTP  3/8/2026 6:39:14 PM ::1 Returned 200 in 0 ms
 HTTP  3/8/2026 6:39:14 PM ::1 GET /sw.js
 HTTP  3/8/2026 6:39:14 PM ::1 GET /src/assets/default_image.png
 HTTP  3/8/2026 6:39:14 PM ::1 Returned 200 in 8 ms
 HTTP  3/8/2026 6:39:14 PM ::1 Returned 200 in 7 ms
 HTTP  3/8/2026 6:39:14 PM ::1 GET /
 HTTP  3/8/2026 6:39:14 PM ::1 GET /index.html
 HTTP  3/8/2026 6:39:14 PM ::1 Returned 301 in 0 ms
 HTTP  3/8/2026 6:39:14 PM ::1 Returned 200 in 2 ms
 HTTP  3/8/2026 6:39:14 PM ::1 GET /src/style.css
 HTTP  3/8/2026 6:39:14 PM ::1 GET /src/assets/default_image.png
 HTTP  3/8/2026 6:39:14 PM ::1 GET /src/script.js
 HTTP  3/8/2026 6:39:14 PM ::1 Returned 200 in 7 ms
 HTTP  3/8/2026 6:39:14 PM ::1 Returned 200 in 1 ms
 HTTP  3/8/2026 6:39:14 PM ::1 GET /manifest.json
 HTTP  3/8/2026 6:39:14 PM ::1 Returned 200 in 1 ms
 HTTP  3/8/2026 6:39:14 PM ::1 Returned 200 in 1 ms
 HTTP  3/8/2026 6:39:14 PM ::1 GET /src/assets/icon-192.png
 HTTP  3/8/2026 6:39:14 PM ::1 Returned 200 in 0 ms
 HTTP  3/8/2026 6:39:14 PM ::1 GET /src/assets/icon-512.png
 HTTP  3/8/2026 6:39:14 PM ::1 GET /index
 HTTP  3/8/2026 6:39:14 PM ::1 Returned 301 in 1 ms
 HTTP  3/8/2026 6:39:14 PM ::1 Returned 200 in 1 ms
 HTTP  3/8/2026 6:39:14 PM ::1 GET /
 HTTP  3/8/2026 6:39:14 PM ::1 Returned 200 in 1 ms
 HTTP  3/8/2026 6:39:23 PM ::1 GET /index.html
 HTTP  3/8/2026 6:39:23 PM ::1 Returned 301 in 0 ms
 HTTP  3/8/2026 6:39:23 PM ::1 GET /index
 HTTP  3/8/2026 6:39:23 PM ::1 Returned 301 in 0 ms
 HTTP  3/8/2026 6:39:23 PM ::1 GET /
 HTTP  3/8/2026 6:39:23 PM ::1 Returned 200 in 1 ms
 HTTP  3/8/2026 6:39:23 PM ::1 GET /src/style.css
 HTTP  3/8/2026 6:39:23 PM ::1 Returned 200 in 1 ms
 HTTP  3/8/2026 6:39:23 PM ::1 GET /manifest.json
 HTTP  3/8/2026 6:39:23 PM ::1 GET /src/script.js
 HTTP  3/8/2026 6:39:23 PM ::1 Returned 200 in 1 ms
 HTTP  3/8/2026 6:39:23 PM ::1 Returned 200 in 1 ms
 HTTP  3/8/2026 6:39:23 PM ::1 GET /sw.js
 HTTP  3/8/2026 6:39:23 PM ::1 Returned 200 in 1 ms
 HTTP  3/8/2026 6:39:23 PM ::1 GET /src/assets/default_image.png
 HTTP  3/8/2026 6:39:23 PM ::1 Returned 200 in 1 ms
 HTTP  3/8/2026 6:39:23 PM ::1 GET /
 HTTP  3/8/2026 6:39:23 PM ::1 GET /index.html
 HTTP  3/8/2026 6:39:23 PM ::1 Returned 301 in 0 ms
 HTTP  3/8/2026 6:39:23 PM ::1 Returned 200 in 1 ms
 HTTP  3/8/2026 6:39:23 PM ::1 GET /src/style.css
 HTTP  3/8/2026 6:39:23 PM ::1 Returned 200 in 1 ms
 HTTP  3/8/2026 6:39:23 PM ::1 GET /manifest.json
 HTTP  3/8/2026 6:39:23 PM ::1 GET /src/assets/icon-192.png
 HTTP  3/8/2026 6:39:23 PM ::1 Returned 200 in 2 ms
 HTTP  3/8/2026 6:39:23 PM ::1 GET /src/script.js
 HTTP  3/8/2026 6:39:23 PM ::1 Returned 200 in 3 ms
 HTTP  3/8/2026 6:39:23 PM ::1 GET /src/assets/icon-512.png
 HTTP  3/8/2026 6:39:23 PM ::1 GET /src/assets/default_image.png
 HTTP  3/8/2026 6:39:23 PM ::1 Returned 200 in 1 ms
 HTTP  3/8/2026 6:39:23 PM ::1 Returned 200 in 1 ms
 HTTP  3/8/2026 6:39:23 PM ::1 Returned 200 in 1 ms
 HTTP  3/8/2026 6:39:23 PM ::1 GET /index
 HTTP  3/8/2026 6:39:23 PM ::1 Returned 301 in 0 ms
 HTTP  3/8/2026 6:39:23 PM ::1 GET /
 HTTP  3/8/2026 6:39:23 PM ::1 Returned 200 in 1 ms
 HTTP  3/8/2026 6:39:33 PM ::1 GET /index.html
 HTTP  3/8/2026 6:39:33 PM ::1 Returned 301 in 1 ms
 HTTP  3/8/2026 6:39:33 PM ::1 GET /index
 HTTP  3/8/2026 6:39:33 PM ::1 Returned 301 in 0 ms
 HTTP  3/8/2026 6:39:33 PM ::1 GET /
 HTTP  3/8/2026 6:39:33 PM ::1 Returned 200 in 1 ms
 HTTP  3/8/2026 6:39:33 PM ::1 GET /src/style.css
 HTTP  3/8/2026 6:39:33 PM ::1 GET /manifest.json
 HTTP  3/8/2026 6:39:33 PM ::1 Returned 200 in 1 ms
 HTTP  3/8/2026 6:39:33 PM ::1 Returned 200 in 1 ms
 HTTP  3/8/2026 6:39:33 PM ::1 GET /src/script.js
 HTTP  3/8/2026 6:39:33 PM ::1 Returned 200 in 1 ms
 HTTP  3/8/2026 6:39:33 PM ::1 GET /sw.js
 HTTP  3/8/2026 6:39:33 PM ::1 Returned 200 in 4 ms
 HTTP  3/8/2026 6:39:33 PM ::1 GET /src/assets/default_image.png
 HTTP  3/8/2026 6:39:33 PM ::1 Returned 200 in 1 ms
 HTTP  3/8/2026 6:39:33 PM ::1 GET /
 HTTP  3/8/2026 6:39:33 PM ::1 GET /index.html
 HTTP  3/8/2026 6:39:33 PM ::1 Returned 301 in 0 ms
 HTTP  3/8/2026 6:39:33 PM ::1 GET /src/style.css
 HTTP  3/8/2026 6:39:33 PM ::1 Returned 200 in 2 ms
 HTTP  3/8/2026 6:39:33 PM ::1 GET /src/script.js
 HTTP  3/8/2026 6:39:33 PM ::1 GET /src/assets/icon-192.png
 HTTP  3/8/2026 6:39:33 PM ::1 GET /manifest.json
 HTTP  3/8/2026 6:39:33 PM ::1 Returned 200 in 2 ms
 HTTP  3/8/2026 6:39:33 PM ::1 Returned 200 in 2 ms
 HTTP  3/8/2026 6:39:33 PM ::1 Returned 200 in 1 ms
 HTTP  3/8/2026 6:39:33 PM ::1 Returned 200 in 1 ms
 HTTP  3/8/2026 6:39:33 PM ::1 GET /src/assets/default_image.png
 HTTP  3/8/2026 6:39:33 PM ::1 Returned 200 in 1 ms
 HTTP  3/8/2026 6:39:33 PM ::1 GET /src/assets/icon-512.png
 HTTP  3/8/2026 6:39:33 PM ::1 Returned 200 in 4 ms
 HTTP  3/8/2026 6:39:33 PM ::1 GET /index
 HTTP  3/8/2026 6:39:33 PM ::1 Returned 301 in 0 ms
 HTTP  3/8/2026 6:39:33 PM ::1 GET /
 HTTP  3/8/2026 6:39:33 PM ::1 Returned 200 in 0 ms
 HTTP  3/8/2026 6:39:42 PM ::1 GET /index.html
 HTTP  3/8/2026 6:39:42 PM ::1 Returned 301 in 0 ms
 HTTP  3/8/2026 6:39:42 PM ::1 GET /index
 HTTP  3/8/2026 6:39:42 PM ::1 Returned 301 in 1 ms
 HTTP  3/8/2026 6:39:42 PM ::1 GET /
 HTTP  3/8/2026 6:39:42 PM ::1 Returned 200 in 2 ms
 HTTP  3/8/2026 6:39:42 PM ::1 GET /src/style.css
 HTTP  3/8/2026 6:39:42 PM ::1 Returned 200 in 4 ms
 HTTP  3/8/2026 6:39:42 PM ::1 GET /src/script.js
 HTTP  3/8/2026 6:39:42 PM ::1 GET /manifest.json
 HTTP  3/8/2026 6:39:42 PM ::1 Returned 200 in 4 ms
 HTTP  3/8/2026 6:39:42 PM ::1 Returned 200 in 4 ms
 HTTP  3/8/2026 6:39:42 PM ::1 GET /sw.js
 HTTP  3/8/2026 6:39:42 PM ::1 Returned 200 in 1 ms
 HTTP  3/8/2026 6:39:42 PM ::1 GET /src/assets/default_image.png
 HTTP  3/8/2026 6:39:42 PM ::1 Returned 200 in 6 ms
 HTTP  3/8/2026 6:39:43 PM ::1 GET /
 HTTP  3/8/2026 6:39:43 PM ::1 Returned 200 in 1 ms
 HTTP  3/8/2026 6:39:43 PM ::1 GET /index.html
 HTTP  3/8/2026 6:39:43 PM ::1 Returned 301 in 1 ms
 HTTP  3/8/2026 6:39:43 PM ::1 GET /src/style.css
 HTTP  3/8/2026 6:39:43 PM ::1 Returned 200 in 1 ms
 HTTP  3/8/2026 6:39:43 PM ::1 GET /src/script.js
 HTTP  3/8/2026 6:39:43 PM ::1 Returned 200 in 1 ms
 HTTP  3/8/2026 6:39:43 PM ::1 GET /src/assets/default_image.png
 HTTP  3/8/2026 6:39:43 PM ::1 GET /src/assets/icon-192.png
 HTTP  3/8/2026 6:39:43 PM ::1 GET /src/assets/icon-512.png
 HTTP  3/8/2026 6:39:43 PM ::1 Returned 200 in 3 ms
 HTTP  3/8/2026 6:39:43 PM ::1 Returned 200 in 2 ms
 HTTP  3/8/2026 6:39:43 PM ::1 GET /manifest.json
 HTTP  3/8/2026 6:39:43 PM ::1 Returned 200 in 7 ms
 HTTP  3/8/2026 6:39:43 PM ::1 GET /index
 HTTP  3/8/2026 6:39:43 PM ::1 Returned 301 in 0 ms
 HTTP  3/8/2026 6:39:43 PM ::1 Returned 200 in 8 ms
 HTTP  3/8/2026 6:39:43 PM ::1 GET /
 HTTP  3/8/2026 6:39:43 PM ::1 Returned 200 in 2 ms
 HTTP  3/8/2026 6:39:58 PM ::1 GET /index.html
 HTTP  3/8/2026 6:39:58 PM ::1 Returned 301 in 0 ms
 HTTP  3/8/2026 6:39:58 PM ::1 GET /index
 HTTP  3/8/2026 6:39:58 PM ::1 Returned 301 in 0 ms
 HTTP  3/8/2026 6:39:58 PM ::1 GET /
 HTTP  3/8/2026 6:39:58 PM ::1 Returned 200 in 0 ms
 HTTP  3/8/2026 6:39:58 PM ::1 GET /src/style.css
 HTTP  3/8/2026 6:39:58 PM ::1 Returned 200 in 1 ms
 HTTP  3/8/2026 6:39:58 PM ::1 GET /manifest.json
 HTTP  3/8/2026 6:39:58 PM ::1 Returned 200 in 3 ms
 HTTP  3/8/2026 6:39:58 PM ::1 GET /src/script.js
 HTTP  3/8/2026 6:39:58 PM ::1 Returned 200 in 1 ms
 HTTP  3/8/2026 6:39:58 PM ::1 GET /sw.js
 HTTP  3/8/2026 6:39:58 PM ::1 Returned 200 in 2 ms
 HTTP  3/8/2026 6:39:58 PM ::1 GET /src/assets/default_image.png
 HTTP  3/8/2026 6:39:58 PM ::1 Returned 200 in 0 ms
 HTTP  3/8/2026 6:39:58 PM ::1 GET /
 HTTP  3/8/2026 6:39:58 PM ::1 GET /index.html
 HTTP  3/8/2026 6:39:58 PM ::1 Returned 301 in 1 ms
 HTTP  3/8/2026 6:39:58 PM ::1 GET /src/style.css
 HTTP  3/8/2026 6:39:58 PM ::1 Returned 200 in 1 ms
 HTTP  3/8/2026 6:39:58 PM ::1 Returned 200 in 4 ms
 HTTP  3/8/2026 6:39:58 PM ::1 GET /src/assets/icon-192.png
 HTTP  3/8/2026 6:39:58 PM ::1 GET /src/script.js
 HTTP  3/8/2026 6:39:58 PM ::1 Returned 200 in 1 ms
 HTTP  3/8/2026 6:39:58 PM ::1 Returned 200 in 2 ms
 HTTP  3/8/2026 6:39:58 PM ::1 GET /manifest.json
 HTTP  3/8/2026 6:39:58 PM ::1 Returned 200 in 1 ms
 HTTP  3/8/2026 6:39:58 PM ::1 GET /src/assets/default_image.png
 HTTP  3/8/2026 6:39:58 PM ::1 Returned 200 in 1 ms
 HTTP  3/8/2026 6:39:58 PM ::1 GET /src/assets/icon-512.png
 HTTP  3/8/2026 6:39:58 PM ::1 GET /index
 HTTP  3/8/2026 6:39:58 PM ::1 Returned 301 in 0 ms
 HTTP  3/8/2026 6:39:58 PM ::1 Returned 200 in 6 ms
 HTTP  3/8/2026 6:39:58 PM ::1 GET /
 HTTP  3/8/2026 6:39:58 PM ::1 Returned 200 in 4 ms
 HTTP  3/8/2026 6:40:03 PM ::1 GET /index.html
 HTTP  3/8/2026 6:40:03 PM ::1 Returned 301 in 1 ms
 HTTP  3/8/2026 6:40:03 PM ::1 GET /index
 HTTP  3/8/2026 6:40:03 PM ::1 Returned 301 in 0 ms
 HTTP  3/8/2026 6:40:03 PM ::1 GET /
 HTTP  3/8/2026 6:40:03 PM ::1 Returned 200 in 1 ms
 HTTP  3/8/2026 6:40:03 PM ::1 GET /src/style.css
 HTTP  3/8/2026 6:40:03 PM ::1 Returned 200 in 2 ms
 HTTP  3/8/2026 6:40:03 PM ::1 GET /src/script.js
 HTTP  3/8/2026 6:40:03 PM ::1 Returned 200 in 2 ms
 HTTP  3/8/2026 6:40:03 PM ::1 GET /manifest.json
 HTTP  3/8/2026 6:40:03 PM ::1 Returned 200 in 1 ms
 HTTP  3/8/2026 6:40:03 PM ::1 GET /sw.js
 HTTP  3/8/2026 6:40:03 PM ::1 Returned 200 in 2 ms
 HTTP  3/8/2026 6:40:03 PM ::1 GET /src/assets/default_image.png
 HTTP  3/8/2026 6:40:03 PM ::1 Returned 200 in 5 ms
 HTTP  3/8/2026 6:40:03 PM ::1 GET /
 HTTP  3/8/2026 6:40:03 PM ::1 Returned 200 in 1 ms
 HTTP  3/8/2026 6:40:03 PM ::1 GET /index.html
 HTTP  3/8/2026 6:40:03 PM ::1 Returned 301 in 0 ms
 HTTP  3/8/2026 6:40:03 PM ::1 GET /src/style.css
 HTTP  3/8/2026 6:40:03 PM ::1 Returned 200 in 1 ms
 HTTP  3/8/2026 6:40:03 PM ::1 GET /src/script.js
 HTTP  3/8/2026 6:40:03 PM ::1 Returned 200 in 0 ms
 HTTP  3/8/2026 6:40:03 PM ::1 GET /src/assets/default_image.png
 HTTP  3/8/2026 6:40:03 PM ::1 GET /src/assets/icon-192.png
 HTTP  3/8/2026 6:40:03 PM ::1 Returned 200 in 3 ms
 HTTP  3/8/2026 6:40:03 PM ::1 Returned 200 in 5 ms
 HTTP  3/8/2026 6:40:03 PM ::1 GET /index
 HTTP  3/8/2026 6:40:03 PM ::1 Returned 301 in 1 ms
 HTTP  3/8/2026 6:40:03 PM ::1 GET /manifest.json
 HTTP  3/8/2026 6:40:03 PM ::1 GET /src/assets/icon-512.png
 HTTP  3/8/2026 6:40:03 PM ::1 Returned 200 in 3 ms
 HTTP  3/8/2026 6:40:03 PM ::1 GET /
 HTTP  3/8/2026 6:40:03 PM ::1 Returned 200 in 4 ms
 HTTP  3/8/2026 6:40:03 PM ::1 Returned 200 in 0 ms
